Log file open, 10/02/24 10:11:26
LogWindows: Failed to load 'aqProf.dll' (GetLastError=126)
LogWindows: File 'aqProf.dll' does not exist
LogWindows: Failed to load 'VtuneApi.dll' (GetLastError=126)
LogWindows: File 'VtuneApi.dll' does not exist
LogWindows: Failed to load 'VtuneApi32e.dll' (GetLastError=126)
LogWindows: File 'VtuneApi32e.dll' does not exist
LogConsoleResponse: Display: Failed to find resolution value strings in scalability ini. Falling back to default.
LogConsoleResponse: Display: Failed to find resolution value strings in scalability ini. Falling back to default.
LogInit: Display: Running engine for game: gymproject
LogPlatformFile: Not using cached read wrapper
LogTaskGraph: Started task graph with 5 named threads and 23 total threads with 3 sets of task threads.
LogStats: Stats thread started at 0.257184
LogICUInternationalization: ICU TimeZone Detection - Raw Offset: +1:00, Platform Override: ''
LogInit: Display: Loading text-based GConfig....
LogPluginManager: Mounting plugin MeshPainting
LogPluginManager: Mounting plugin XGEController
LogPluginManager: Mounting plugin Paper2D
LogPluginManager: Mounting plugin EnvironmentQueryEditor
LogPluginManager: Mounting plugin LiveLink
LogPluginManager: Mounting plugin AISupport
LogPluginManager: Mounting plugin LightPropagationVolume
LogPluginManager: Mounting plugin CameraShakePreviewer
LogPluginManager: Mounting plugin OodleData
LogPluginManager: Mounting plugin OodleNetwork
LogPluginManager: Mounting plugin AnimationSharing
LogPluginManager: Mounting plugin CodeLiteSourceCodeAccess
LogPluginManager: Mounting plugin GameplayCameras
LogPluginManager: Mounting plugin CLionSourceCodeAccess
LogPluginManager: Mounting plugin GitSourceControl
LogPluginManager: Mounting plugin PlasticSourceControl
LogPluginManager: Mounting plugin KDevelopSourceCodeAccess
LogPluginManager: Mounting plugin NullSourceCodeAccess
LogPluginManager: Mounting plugin PluginUtils
LogPluginManager: Mounting plugin PerforceSourceControl
LogPluginManager: Mounting plugin PixWinPlugin
LogPluginManager: Mounting plugin PropertyAccessNode
LogPluginManager: Mounting plugin RiderSourceCodeAccess
LogPluginManager: Mounting plugin SubversionSourceControl
LogPluginManager: Mounting plugin TextureFormatOodle
LogPluginManager: Mounting plugin UObjectPlugin
LogPluginManager: Mounting plugin VisualStudioCodeSourceCodeAccess
LogPluginManager: Mounting plugin VisualStudioSourceCodeAccess
LogPluginManager: Mounting plugin XCodeSourceCodeAccess
LogPluginManager: Mounting plugin DatasmithContent
LogPluginManager: Mounting plugin VariantManagerContent
LogPluginManager: Mounting plugin AlembicImporter
LogPluginManager: Mounting plugin AutomationUtils
LogPluginManager: Mounting plugin BackChannel
LogPluginManager: Mounting plugin ChaosCloth
LogPluginManager: Mounting plugin ChaosClothEditor
LogPluginManager: Mounting plugin ChaosEditor
LogPluginManager: Mounting plugin ChaosNiagara
LogPluginManager: Mounting plugin ChaosSolverPlugin
LogPluginManager: Mounting plugin CharacterAI
LogPluginManager: Mounting plugin GeometryCache
LogPluginManager: Mounting plugin AssetManagerEditor
LogPluginManager: Mounting plugin GeometryCollectionPlugin
LogPluginManager: Mounting plugin GeometryProcessing
LogPluginManager: Mounting plugin OpenImageDenoise
LogPluginManager: Mounting plugin MotoSynth
LogPluginManager: Mounting plugin PlanarCut
LogPluginManager: Mounting plugin PlatformCrypto
LogPluginManager: Mounting plugin ProxyLODPlugin
LogPluginManager: Mounting plugin PythonScriptPlugin
LogPluginManager: Mounting plugin LuminPlatformFeatures
LogPluginManager: Mounting plugin MagicLeap
LogPluginManager: Mounting plugin SkeletalReduction
LogPluginManager: Mounting plugin MagicLeapMedia
LogPluginManager: Mounting plugin MagicLeapPassableWorld
LogPluginManager: Mounting plugin MLSDK
LogPluginManager: Mounting plugin CryptoKeys
LogPluginManager: Mounting plugin DataValidation
LogPluginManager: Mounting plugin CurveEditorTools
LogPluginManager: Mounting plugin FacialAnimation
LogPluginManager: Mounting plugin GameplayTagsEditor
LogPluginManager: Mounting plugin MagicLeapLightEstimation
LogPluginManager: Mounting plugin GeometryMode
LogPluginManager: Mounting plugin MacGraphicsSwitching
LogPluginManager: Mounting plugin MaterialAnalyzer
LogPluginManager: Mounting plugin MobileLauncherProfileWizard
LogPluginManager: Mounting plugin PluginBrowser
LogPluginManager: Mounting plugin SpeedTreeImporter
LogPluginManager: Mounting plugin TcpMessaging
LogPluginManager: Mounting plugin UdpMessaging
LogPluginManager: Mounting plugin AndroidMedia
LogPluginManager: Mounting plugin AvfMedia
LogPluginManager: Mounting plugin ImgMedia
LogPluginManager: Mounting plugin MediaCompositing
LogPluginManager: Mounting plugin MediaPlayerEditor
LogPluginManager: Mounting plugin WebMMedia
LogPluginManager: Mounting plugin WmfMedia
LogPluginManager: Mounting plugin LevelSequenceEditor
LogPluginManager: Mounting plugin MatineeToLevelSequence
LogPluginManager: Mounting plugin TemplateSequence
LogPluginManager: Mounting plugin ActorSequence
LogPluginManager: Mounting plugin OnlineSubsystem
LogPluginManager: Mounting plugin OnlineSubsystemNull
LogPluginManager: Mounting plugin OnlineSubsystemUtils
LogPluginManager: Mounting plugin LauncherChunkInstaller
LogPluginManager: Mounting plugin ActorLayerUtilities
LogPluginManager: Mounting plugin AndroidMoviePlayer
LogPluginManager: Mounting plugin AndroidDeviceProfileSelector
LogPluginManager: Mounting plugin AndroidPermission
LogPluginManager: Mounting plugin AppleImageUtils
LogPluginManager: Mounting plugin AppleMoviePlayer
LogPluginManager: Mounting plugin ArchVisCharacter
LogPluginManager: Mounting plugin AssetTags
LogPluginManager: Mounting plugin AudioCapture
LogPluginManager: Mounting plugin AudioSynesthesia
LogPluginManager: Mounting plugin ChunkDownloader
LogPluginManager: Mounting plugin CableComponent
LogPluginManager: Mounting plugin CustomMeshComponent
LogPluginManager: Mounting plugin EditableMesh
LogPluginManager: Mounting plugin ExampleDeviceProfileSelector
LogPluginManager: Mounting plugin GoogleCloudMessaging
LogPluginManager: Mounting plugin GooglePAD
LogPluginManager: Mounting plugin ScreenshotTools
LogPluginManager: Mounting plugin IOSDeviceProfileSelector
LogPluginManager: Mounting plugin LinuxDeviceProfileSelector
LogPluginManager: Mounting plugin MobilePatchingUtils
LogPluginManager: Mounting plugin LocationServicesBPLibrary
LogPluginManager: Mounting plugin OpenXR
LogPluginManager: Mounting plugin OpenXREyeTracker
LogPluginManager: Mounting plugin OpenXRHandTracking
LogPluginManager: Mounting plugin PhysXVehicles
LogPluginManager: Mounting plugin Takes
LogPluginManager: Mounting plugin PostSplashScreen
LogPluginManager: Mounting plugin ProceduralMeshComponent
LogPluginManager: Mounting plugin PropertyAccessEditor
LogPluginManager: Mounting plugin RuntimePhysXCooking
LogPluginManager: Mounting plugin SignificanceManager
LogPluginManager: Mounting plugin SoundFields
LogPluginManager: Mounting plugin Synthesis
LogPluginManager: Mounting plugin WebMMoviePlayer
LogPluginManager: Mounting plugin WindowsMoviePlayer
LogPluginManager: Mounting plugin Niagara
LogPluginManager: Mounting plugin ContentBrowserAssetDataSource
LogPluginManager: Mounting plugin ContentBrowserClassDataSource
LogPluginManager: Mounting plugin ContentBrowserFileDataSource
LogPluginManager: Mounting plugin OnlineSubsystemGooglePlay
LogPluginManager: Mounting plugin OnlineSubsystemIOS
LogPluginManager: Mounting plugin OculusVR
LogPluginManager: Mounting plugin SteamVR
PixWinPlugin: PIX capture plugin failed to initialize! Check that the process is launched from PIX.
LogInit: Using libcurl 7.55.1-DEV
LogInit:  - built for x86_64-pc-win32
LogInit:  - supports SSL with OpenSSL/1.1.1
LogInit:  - supports HTTP deflate (compression) using libz 1.2.8
LogInit:  - other features:
LogInit:      CURL_VERSION_SSL
LogInit:      CURL_VERSION_LIBZ
LogInit:      CURL_VERSION_IPV6
LogInit:      CURL_VERSION_ASYNCHDNS
LogInit:      CURL_VERSION_LARGEFILE
LogInit:      CURL_VERSION_IDN
LogInit:  CurlRequestOptions (configurable via config and command line):
LogInit:  - bVerifyPeer = true  - Libcurl will verify peer certificate
LogInit:  - bUseHttpProxy = false  - Libcurl will NOT use HTTP proxy
LogInit:  - bDontReuseConnections = false  - Libcurl will reuse connections
LogInit:  - MaxHostConnections = 16  - Libcurl will limit the number of connections to a host
LogInit:  - LocalHostAddr = Default
LogInit:  - BufferSize = 65536
LogOnline: OSS: Creating online subsystem instance for: NULL
LogInit: WinSock: version 1.1 (2.2), MaxSocks=32767, MaxUdp=65467
LogOnline: OSS: TryLoadSubsystemAndSetDefault: Loaded subsystem for module [NULL]
LogOculusPluginWrapper: OculusPlugin initialized successfully
LogHMD: Failed initializing OVRPlugin 1.59.0
LogInit: Build: ++UE4+Release-4.27-CL-18319896
LogInit: Engine Version: 4.27.2-18319896+++UE4+Release-4.27
LogInit: Compatible Engine Version: 4.27.0-17155196+++UE4+Release-4.27
LogInit: Net CL: 17155196
LogInit: OS: Windows 10 (Release 2009) (), CPU: 11th Gen Intel(R) Core(TM) i5-1135G7 @ 2.40GHz, GPU: Intel(R) Iris(R) Xe Graphics
LogInit: Compiled (64-bit): Nov 30 2021 07:12:08
LogInit: Compiled with Visual C++: 19.24.28315.00
LogInit: Build Configuration: Development
LogInit: Branch Name: ++UE4+Release-4.27
LogInit: Command Line: 
LogInit: Base Directory: C:/Program Files/Epic Games/UE_4.27/Engine/Binaries/Win64/
LogInit: Allocator: TBB
LogInit: Installed Engine Build: 1
LogDevObjectVersion: Number of dev versions registered: 29
LogDevObjectVersion:   Dev-Blueprints (B0D832E4-1F89-4F0D-ACCF-7EB736FD4AA2): 10
LogDevObjectVersion:   Dev-Build (E1C64328-A22C-4D53-A36C-8E866417BD8C): 0
LogDevObjectVersion:   Dev-Core (375EC13C-06E4-48FB-B500-84F0262A717E): 4
LogDevObjectVersion:   Dev-Editor (E4B068ED-F494-42E9-A231-DA0B2E46BB41): 40
LogDevObjectVersion:   Dev-Framework (CFFC743F-43B0-4480-9391-14DF171D2073): 37
LogDevObjectVersion:   Dev-Mobile (B02B49B5-BB20-44E9-A304-32B752E40360): 3
LogDevObjectVersion:   Dev-Networking (A4E4105C-59A1-49B5-A7C5-40C4547EDFEE): 0
LogDevObjectVersion:   Dev-Online (39C831C9-5AE6-47DC-9A44-9C173E1C8E7C): 0
LogDevObjectVersion:   Dev-Physics (78F01B33-EBEA-4F98-B9B4-84EACCB95AA2): 14
LogDevObjectVersion:   Dev-Platform (6631380F-2D4D-43E0-8009-CF276956A95A): 0
LogDevObjectVersion:   Dev-Rendering (12F88B9F-8875-4AFC-A67C-D90C383ABD29): 45
LogDevObjectVersion:   Dev-Sequencer (7B5AE74C-D270-4C10-A958-57980B212A5A): 13
LogDevObjectVersion:   Dev-VR (D7296918-1DD6-4BDD-9DE2-64A83CC13884): 3
LogDevObjectVersion:   Dev-LoadTimes (C2A15278-BFE7-4AFE-6C17-90FF531DF755): 1
LogDevObjectVersion:   Private-Geometry (6EACA3D4-40EC-4CC1-B786-8BED09428FC5): 3
LogDevObjectVersion:   Dev-AnimPhys (29E575DD-E0A3-4627-9D10-D276232CDCEA): 17
LogDevObjectVersion:   Dev-Anim (AF43A65D-7FD3-4947-9873-3E8ED9C1BB05): 15
LogDevObjectVersion:   Dev-ReflectionCapture (6B266CEC-1EC7-4B8F-A30B-E4D90942FC07): 1
LogDevObjectVersion:   Dev-Automation (0DF73D61-A23F-47EA-B727-89E90C41499A): 1
LogDevObjectVersion:   FortniteMain (601D1886-AC64-4F84-AA16-D3DE0DEAC7D6): 47
LogDevObjectVersion:   FortniteRelease (E7086368-6B23-4C58-8439-1B7016265E91): 1
LogDevObjectVersion:   Dev-Enterprise (9DFFBCD6-494F-0158-E221-12823C92A888): 10
LogDevObjectVersion:   Dev-Niagara (F2AED0AC-9AFE-416F-8664-AA7FFA26D6FC): 1
LogDevObjectVersion:   Dev-Destruction (174F1F0B-B4C6-45A5-B13F-2EE8D0FB917D): 10
LogDevObjectVersion:   Dev-Physics-Ext (35F94A83-E258-406C-A318-09F59610247C): 41
LogDevObjectVersion:   Dev-PhysicsMaterial-Chaos (B68FC16E-8B1B-42E2-B453-215C058844FE): 1
LogDevObjectVersion:   Dev-CineCamera (B2E18506-4273-CFC2-A54E-F4BB758BBA07): 1
LogDevObjectVersion:   Dev-VirtualProduction (64F58936-FD1B-42BA-BA96-7289D5D0FA4E): 1
LogDevObjectVersion:   Dev-MediaFramework (6F0ED827-A609-4895-9C91-998D90180EA4): 2
LogInit: Presizing for max 25165824 objects, including 0 objects not considered by GC, pre-allocating 0 bytes for permanent pool.
LogConfig: Applying CVar settings from Section [/Script/Engine.StreamingSettings] File [C:/Users/hugo.sundstrom/Documents/GitHub/GymnasieArbete2/gymproject/Saved/Config/Windows/Engine.ini]
LogConfig: Setting CVar [[s.MinBulkDataSizeForAsyncLoading:131072]]
LogConfig: Setting CVar [[s.AsyncLoadingThreadEnabled:0]]
LogConfig: Setting CVar [[s.EventDrivenLoaderEnabled:1]]
LogConfig: Setting CVar [[s.WarnIfTimeLimitExceeded:0]]
LogConfig: Setting CVar [[s.TimeLimitExceededMultiplier:1.5]]
LogConfig: Setting CVar [[s.TimeLimitExceededMinTime:0.005]]
LogConfig: Setting CVar [[s.UseBackgroundLevelStreaming:1]]
LogConfig: Setting CVar [[s.PriorityAsyncLoadingExtraTime:15.0]]
LogConfig: Setting CVar [[s.LevelStreamingActorsUpdateTimeLimit:5.0]]
LogConfig: Setting CVar [[s.PriorityLevelStreamingActorsUpdateExtraTime:5.0]]
LogConfig: Setting CVar [[s.LevelStreamingComponentsRegistrationGranularity:10]]
LogConfig: Setting CVar [[s.UnregisterComponentsTimeLimit:1.0]]
LogConfig: Setting CVar [[s.LevelStreamingComponentsUnregistrationGranularity:5]]
LogConfig: Setting CVar [[s.FlushStreamingOnExit:1]]
LogInit: Object subsystem initialized
LogConfig: Setting CVar [[con.DebugEarlyDefault:1]]
LogConfig: Setting CVar [[r.setres:1280x720]]
[2024.10.02-08.11.26:794][  0]LogConfig: Setting CVar [[r.VSync:0]]
[2024.10.02-08.11.26:794][  0]LogConfig: Setting CVar [[r.RHICmdBypass:0]]
[2024.10.02-08.11.26:794][  0]LogConfig: Applying CVar settings from Section [/Script/Engine.RendererSettings] File [C:/Users/hugo.sundstrom/Documents/GitHub/GymnasieArbete2/gymproject/Saved/Config/Windows/Engine.ini]
[2024.10.02-08.11.26:794][  0]LogConfig: Setting CVar [[r.GPUCrashDebugging:0]]
[2024.10.02-08.11.26:794][  0]LogConfig: Setting CVar [[r.MobileHDR:0]]
[2024.10.02-08.11.26:794][  0]LogConfig: Applying CVar settings from Section [/Script/Engine.RendererOverrideSettings] File [C:/Users/hugo.sundstrom/Documents/GitHub/GymnasieArbete2/gymproject/Saved/Config/Windows/Engine.ini]
[2024.10.02-08.11.26:794][  0]LogConfig: Applying CVar settings from Section [/Script/Engine.StreamingSettings] File [C:/Users/hugo.sundstrom/Documents/GitHub/GymnasieArbete2/gymproject/Saved/Config/Windows/Engine.ini]
[2024.10.02-08.11.26:794][  0]LogConfig: Setting CVar [[s.MinBulkDataSizeForAsyncLoading:131072]]
[2024.10.02-08.11.26:794][  0]LogConfig: Setting CVar [[s.AsyncLoadingThreadEnabled:0]]
[2024.10.02-08.11.26:794][  0]LogConfig: Setting CVar [[s.EventDrivenLoaderEnabled:1]]
[2024.10.02-08.11.26:794][  0]LogConfig: Setting CVar [[s.WarnIfTimeLimitExceeded:0]]
[2024.10.02-08.11.26:794][  0]LogConfig: Setting CVar [[s.TimeLimitExceededMultiplier:1.5]]
[2024.10.02-08.11.26:794][  0]LogConfig: Setting CVar [[s.TimeLimitExceededMinTime:0.005]]
[2024.10.02-08.11.26:794][  0]LogConfig: Setting CVar [[s.UseBackgroundLevelStreaming:1]]
[2024.10.02-08.11.26:794][  0]LogConfig: Setting CVar [[s.PriorityAsyncLoadingExtraTime:15.0]]
[2024.10.02-08.11.26:794][  0]LogConfig: Setting CVar [[s.LevelStreamingActorsUpdateTimeLimit:5.0]]
[2024.10.02-08.11.26:794][  0]LogConfig: Setting CVar [[s.PriorityLevelStreamingActorsUpdateExtraTime:5.0]]
[2024.10.02-08.11.26:794][  0]LogConfig: Setting CVar [[s.LevelStreamingComponentsRegistrationGranularity:10]]
[2024.10.02-08.11.26:794][  0]LogConfig: Setting CVar [[s.UnregisterComponentsTimeLimit:1.0]]
[2024.10.02-08.11.26:794][  0]LogConfig: Setting CVar [[s.LevelStreamingComponentsUnregistrationGranularity:5]]
[2024.10.02-08.11.26:794][  0]LogConfig: Setting CVar [[s.FlushStreamingOnExit:1]]
[2024.10.02-08.11.26:794][  0]LogConfig: Applying CVar settings from Section [/Script/Engine.GarbageCollectionSettings] File [C:/Users/hugo.sundstrom/Documents/GitHub/GymnasieArbete2/gymproject/Saved/Config/Windows/Engine.ini]
[2024.10.02-08.11.26:794][  0]LogConfig: Setting CVar [[gc.MaxObjectsNotConsideredByGC:1]]
[2024.10.02-08.11.26:794][  0]LogConfig: Setting CVar [[gc.SizeOfPermanentObjectPool:0]]
[2024.10.02-08.11.26:794][  0]LogConfig: Setting CVar [[gc.FlushStreamingOnGC:0]]
[2024.10.02-08.11.26:794][  0]LogConfig: Setting CVar [[gc.NumRetriesBeforeForcingGC:10]]
[2024.10.02-08.11.26:794][  0]LogConfig: Setting CVar [[gc.AllowParallelGC:1]]
[2024.10.02-08.11.26:794][  0]LogConfig: Setting CVar [[gc.TimeBetweenPurgingPendingKillObjects:61.1]]
[2024.10.02-08.11.26:794][  0]LogConfig: Setting CVar [[gc.MaxObjectsInEditor:25165824]]
[2024.10.02-08.11.26:794][  0]LogConfig: Setting CVar [[gc.IncrementalBeginDestroyEnabled:1]]
[2024.10.02-08.11.26:794][  0]LogConfig: Setting CVar [[gc.CreateGCClusters:1]]
[2024.10.02-08.11.26:794][  0]LogConfig: Setting CVar [[gc.MinGCClusterSize:5]]
[2024.10.02-08.11.26:794][  0]LogConfig: Setting CVar [[gc.ActorClusteringEnabled:0]]
[2024.10.02-08.11.26:794][  0]LogConfig: Setting CVar [[gc.BlueprintClusteringEnabled:0]]
[2024.10.02-08.11.26:794][  0]LogConfig: Setting CVar [[gc.UseDisregardForGCOnDedicatedServers:0]]
[2024.10.02-08.11.26:794][  0]LogConfig: Setting CVar [[gc.MultithreadedDestructionEnabled:1]]
[2024.10.02-08.11.26:794][  0]LogConfig: Applying CVar settings from Section [/Script/Engine.NetworkSettings] File [C:/Users/hugo.sundstrom/Documents/GitHub/GymnasieArbete2/gymproject/Saved/Config/Windows/Engine.ini]
[2024.10.02-08.11.26:794][  0]LogConfig: Applying CVar settings from Section [/Script/UnrealEd.CookerSettings] File [C:/Users/hugo.sundstrom/Documents/GitHub/GymnasieArbete2/gymproject/Saved/Config/Windows/Engine.ini]
[2024.10.02-08.11.26:799][  0]LogConfig: Applying CVar settings from Section [ViewDistanceQuality@3] File [C:/Users/hugo.sundstrom/Documents/GitHub/GymnasieArbete2/gymproject/Saved/Config/Windows/Scalability.ini]
[2024.10.02-08.11.26:799][  0]LogConfig: Setting CVar [[r.SkeletalMeshLODBias:0]]
[2024.10.02-08.11.26:799][  0]LogConfig: Setting CVar [[r.ViewDistanceScale:1.0]]
[2024.10.02-08.11.26:799][  0]LogConfig: Applying CVar settings from Section [AntiAliasingQuality@3] File [C:/Users/hugo.sundstrom/Documents/GitHub/GymnasieArbete2/gymproject/Saved/Config/Windows/Scalability.ini]
[2024.10.02-08.11.26:799][  0]LogConfig: Setting CVar [[r.PostProcessAAQuality:4]]
[2024.10.02-08.11.26:799][  0]LogConfig: Applying CVar settings from Section [ShadowQuality@3] File [C:/Users/hugo.sundstrom/Documents/GitHub/GymnasieArbete2/gymproject/Saved/Config/Windows/Scalability.ini]
[2024.10.02-08.11.26:799][  0]LogConfig: Setting CVar [[r.LightFunctionQuality:1]]
[2024.10.02-08.11.26:799][  0]LogConfig: Setting CVar [[r.ShadowQuality:5]]
[2024.10.02-08.11.26:799][  0]LogConfig: Setting CVar [[r.Shadow.CSM.MaxCascades:10]]
[2024.10.02-08.11.26:799][  0]LogConfig: Setting CVar [[r.Shadow.MaxResolution:2048]]
[2024.10.02-08.11.26:799][  0]LogConfig: Setting CVar [[r.Shadow.MaxCSMResolution:2048]]
[2024.10.02-08.11.26:799][  0]LogConfig: Setting CVar [[r.Shadow.RadiusThreshold:0.01]]
[2024.10.02-08.11.26:799][  0]LogConfig: Setting CVar [[r.Shadow.DistanceScale:1.0]]
[2024.10.02-08.11.26:799][  0]LogConfig: Setting CVar [[r.Shadow.CSM.TransitionScale:1.0]]
[2024.10.02-08.11.26:799][  0]LogConfig: Setting CVar [[r.Shadow.PreShadowResolutionFactor:1.0]]
[2024.10.02-08.11.26:799][  0]LogConfig: Setting CVar [[r.DistanceFieldShadowing:1]]
[2024.10.02-08.11.26:799][  0]LogConfig: Setting CVar [[r.DistanceFieldAO:1]]
[2024.10.02-08.11.26:799][  0]LogConfig: Setting CVar [[r.AOQuality:2]]
[2024.10.02-08.11.26:799][  0]LogConfig: Setting CVar [[r.VolumetricFog:1]]
[2024.10.02-08.11.26:799][  0]LogConfig: Setting CVar [[r.VolumetricFog.GridPixelSize:8]]
[2024.10.02-08.11.26:800][  0]LogConfig: Setting CVar [[r.VolumetricFog.GridSizeZ:128]]
[2024.10.02-08.11.26:800][  0]LogConfig: Setting CVar [[r.VolumetricFog.HistoryMissSupersampleCount:4]]
[2024.10.02-08.11.26:800][  0]LogConfig: Setting CVar [[r.LightMaxDrawDistanceScale:1]]
[2024.10.02-08.11.26:800][  0]LogConfig: Setting CVar [[r.CapsuleShadows:1]]
[2024.10.02-08.11.26:800][  0]LogConfig: Applying CVar settings from Section [PostProcessQuality@3] File [C:/Users/hugo.sundstrom/Documents/GitHub/GymnasieArbete2/gymproject/Saved/Config/Windows/Scalability.ini]
[2024.10.02-08.11.26:800][  0]LogConfig: Setting CVar [[r.MotionBlurQuality:4]]
[2024.10.02-08.11.26:800][  0]LogConfig: Setting CVar [[r.AmbientOcclusionMipLevelFactor:0.4]]
[2024.10.02-08.11.26:800][  0]LogConfig: Setting CVar [[r.AmbientOcclusionMaxQuality:100]]
[2024.10.02-08.11.26:800][  0]LogConfig: Setting CVar [[r.AmbientOcclusionLevels:-1]]
[2024.10.02-08.11.26:800][  0]LogConfig: Setting CVar [[r.AmbientOcclusionRadiusScale:1.0]]
[2024.10.02-08.11.26:800][  0]LogConfig: Setting CVar [[r.DepthOfFieldQuality:2]]
[2024.10.02-08.11.26:800][  0]LogConfig: Setting CVar [[r.RenderTargetPoolMin:400]]
[2024.10.02-08.11.26:800][  0]LogConfig: Setting CVar [[r.LensFlareQuality:2]]
[2024.10.02-08.11.26:800][  0]LogConfig: Setting CVar [[r.SceneColorFringeQuality:1]]
[2024.10.02-08.11.26:800][  0]LogConfig: Setting CVar [[r.EyeAdaptationQuality:2]]
[2024.10.02-08.11.26:800][  0]LogConfig: Setting CVar [[r.BloomQuality:5]]
[2024.10.02-08.11.26:800][  0]LogConfig: Setting CVar [[r.FastBlurThreshold:100]]
[2024.10.02-08.11.26:800][  0]LogConfig: Setting CVar [[r.Upscale.Quality:3]]
[2024.10.02-08.11.26:800][  0]LogConfig: Setting CVar [[r.Tonemapper.GrainQuantization:1]]
[2024.10.02-08.11.26:800][  0]LogConfig: Setting CVar [[r.LightShaftQuality:1]]
[2024.10.02-08.11.26:800][  0]LogConfig: Setting CVar [[r.Filter.SizeScale:1]]
[2024.10.02-08.11.26:800][  0]LogConfig: Setting CVar [[r.Tonemapper.Quality:5]]
[2024.10.02-08.11.26:800][  0]LogConfig: Setting CVar [[r.DOF.Gather.AccumulatorQuality:1        ; higher gathering accumulator quality]]
[2024.10.02-08.11.26:800][  0]LogConfig: Setting CVar [[r.DOF.Gather.PostfilterMethod:1          ; Median3x3 postfilering method]]
[2024.10.02-08.11.26:800][  0]LogConfig: Setting CVar [[r.DOF.Gather.EnableBokehSettings:0       ; no bokeh simulation when gathering]]
[2024.10.02-08.11.26:800][  0]LogConfig: Setting CVar [[r.DOF.Gather.RingCount:4                 ; medium number of samples when gathering]]
[2024.10.02-08.11.26:800][  0]LogConfig: Setting CVar [[r.DOF.Scatter.ForegroundCompositing:1    ; additive foreground scattering]]
[2024.10.02-08.11.26:800][  0]LogConfig: Setting CVar [[r.DOF.Scatter.BackgroundCompositing:2    ; additive background scattering]]
[2024.10.02-08.11.26:800][  0]LogConfig: Setting CVar [[r.DOF.Scatter.EnableBokehSettings:1      ; bokeh simulation when scattering]]
[2024.10.02-08.11.26:800][  0]LogConfig: Setting CVar [[r.DOF.Scatter.MaxSpriteRatio:0.1         ; only a maximum of 10% of scattered bokeh]]
[2024.10.02-08.11.26:800][  0]LogConfig: Setting CVar [[r.DOF.Recombine.Quality:1                ; cheap slight out of focus]]
[2024.10.02-08.11.26:800][  0]LogConfig: Setting CVar [[r.DOF.Recombine.EnableBokehSettings:0    ; no bokeh simulation on slight out of focus]]
[2024.10.02-08.11.26:800][  0]LogConfig: Setting CVar [[r.DOF.TemporalAAQuality:1                ; more stable temporal accumulation]]
[2024.10.02-08.11.26:800][  0]LogConfig: Setting CVar [[r.DOF.Kernel.MaxForegroundRadius:0.025]]
[2024.10.02-08.11.26:800][  0]LogConfig: Setting CVar [[r.DOF.Kernel.MaxBackgroundRadius:0.025]]
[2024.10.02-08.11.26:800][  0]LogConfig: Applying CVar settings from Section [TextureQuality@3] File [C:/Users/hugo.sundstrom/Documents/GitHub/GymnasieArbete2/gymproject/Saved/Config/Windows/Scalability.ini]
[2024.10.02-08.11.26:800][  0]LogConfig: Setting CVar [[r.Streaming.MipBias:0]]
[2024.10.02-08.11.26:800][  0]LogConfig: Setting CVar [[r.Streaming.AmortizeCPUToGPUCopy:0]]
[2024.10.02-08.11.26:800][  0]LogConfig: Setting CVar [[r.Streaming.MaxNumTexturesToStreamPerFrame:0]]
[2024.10.02-08.11.26:800][  0]LogConfig: Setting CVar [[r.Streaming.Boost:1]]
[2024.10.02-08.11.26:800][  0]LogConfig: Setting CVar [[r.MaxAnisotropy:8]]
[2024.10.02-08.11.26:800][  0]LogConfig: Setting CVar [[r.VT.MaxAnisotropy:8]]
[2024.10.02-08.11.26:800][  0]LogConfig: Setting CVar [[r.Streaming.LimitPoolSizeToVRAM:0]]
[2024.10.02-08.11.26:800][  0]LogConfig: Setting CVar [[r.Streaming.PoolSize:1000]]
[2024.10.02-08.11.26:800][  0]LogConfig: Setting CVar [[r.Streaming.MaxEffectiveScreenSize:0]]
[2024.10.02-08.11.26:800][  0]LogConfig: Applying CVar settings from Section [EffectsQuality@3] File [C:/Users/hugo.sundstrom/Documents/GitHub/GymnasieArbete2/gymproject/Saved/Config/Windows/Scalability.ini]
[2024.10.02-08.11.26:800][  0]LogConfig: Setting CVar [[r.TranslucencyLightingVolumeDim:64]]
[2024.10.02-08.11.26:800][  0]LogConfig: Setting CVar [[r.RefractionQuality:2]]
[2024.10.02-08.11.26:800][  0]LogConfig: Setting CVar [[r.SSR.Quality:3]]
[2024.10.02-08.11.26:800][  0]LogConfig: Setting CVar [[r.SSR.HalfResSceneColor:0]]
[2024.10.02-08.11.26:800][  0]LogConfig: Setting CVar [[r.SceneColorFormat:4]]
[2024.10.02-08.11.26:800][  0]LogConfig: Setting CVar [[r.DetailMode:2]]
[2024.10.02-08.11.26:800][  0]LogConfig: Setting CVar [[r.TranslucencyVolumeBlur:1]]
[2024.10.02-08.11.26:800][  0]LogConfig: Setting CVar [[r.MaterialQualityLevel:1 ; High quality]]
[2024.10.02-08.11.26:800][  0]LogConfig: Setting CVar [[r.AnisotropicMaterials:1]]
[2024.10.02-08.11.26:800][  0]LogConfig: Setting CVar [[r.SSS.Scale:1]]
[2024.10.02-08.11.26:800][  0]LogConfig: Setting CVar [[r.SSS.SampleSet:2]]
[2024.10.02-08.11.26:800][  0]LogConfig: Setting CVar [[r.SSS.Quality:1]]
[2024.10.02-08.11.26:800][  0]LogConfig: Setting CVar [[r.SSS.HalfRes:0]]
[2024.10.02-08.11.26:800][  0]LogConfig: Setting CVar [[r.SSGI.Quality:3]]
[2024.10.02-08.11.26:800][  0]LogConfig: Setting CVar [[r.EmitterSpawnRateScale:1.0]]
[2024.10.02-08.11.26:800][  0]LogConfig: Setting CVar [[r.ParticleLightQuality:2]]
[2024.10.02-08.11.26:800][  0]LogConfig: Setting CVar [[r.SkyAtmosphere.AerialPerspectiveLUT.FastApplyOnOpaque:1 ; Always have FastSkyLUT 1 in this case to avoid wrong sky]]
[2024.10.02-08.11.26:800][  0]LogConfig: Setting CVar [[r.SkyAtmosphere.AerialPerspectiveLUT.SampleCountMaxPerSlice:4]]
[2024.10.02-08.11.26:800][  0]LogConfig: Setting CVar [[r.SkyAtmosphere.AerialPerspectiveLUT.DepthResolution:16.0]]
[2024.10.02-08.11.26:800][  0]LogConfig: Setting CVar [[r.SkyAtmosphere.FastSkyLUT:1]]
[2024.10.02-08.11.26:800][  0]LogConfig: Setting CVar [[r.SkyAtmosphere.FastSkyLUT.SampleCountMin:4.0]]
[2024.10.02-08.11.26:800][  0]LogConfig: Setting CVar [[r.SkyAtmosphere.FastSkyLUT.SampleCountMax:128.0]]
[2024.10.02-08.11.26:800][  0]LogConfig: Setting CVar [[r.SkyAtmosphere.SampleCountMin:4.0]]
[2024.10.02-08.11.26:800][  0]LogConfig: Setting CVar [[r.SkyAtmosphere.SampleCountMax:128.0]]
[2024.10.02-08.11.26:800][  0]LogConfig: Setting CVar [[r.SkyAtmosphere.TransmittanceLUT.UseSmallFormat:0]]
[2024.10.02-08.11.26:800][  0]LogConfig: Setting CVar [[r.SkyAtmosphere.TransmittanceLUT.SampleCount:10.0]]
[2024.10.02-08.11.26:800][  0]LogConfig: Setting CVar [[r.SkyAtmosphere.MultiScatteringLUT.SampleCount:15.0]]
[2024.10.02-08.11.26:800][  0]LogConfig: Setting CVar [[r.SkyLight.RealTimeReflectionCapture:1]]
[2024.10.02-08.11.26:800][  0]LogConfig: Applying CVar settings from Section [FoliageQuality@3] File [C:/Users/hugo.sundstrom/Documents/GitHub/GymnasieArbete2/gymproject/Saved/Config/Windows/Scalability.ini]
[2024.10.02-08.11.26:800][  0]LogConfig: Setting CVar [[foliage.DensityScale:1.0]]
[2024.10.02-08.11.26:800][  0]LogConfig: Setting CVar [[grass.DensityScale:1.0]]
[2024.10.02-08.11.26:800][  0]LogConfig: Applying CVar settings from Section [ShadingQuality@3] File [C:/Users/hugo.sundstrom/Documents/GitHub/GymnasieArbete2/gymproject/Saved/Config/Windows/Scalability.ini]
[2024.10.02-08.11.26:800][  0]LogConfig: Setting CVar [[r.HairStrands.SkyLighting.IntegrationType:2]]
[2024.10.02-08.11.26:800][  0]LogConfig: Setting CVar [[r.HairStrands.SkyAO.SampleCount:4]]
[2024.10.02-08.11.26:800][  0]LogConfig: Setting CVar [[r.HairStrands.Visibility.MSAA.SamplePerPixel:4]]
[2024.10.02-08.11.26:800][  0]LogInit: Selected Device Profile: [Windows]
[2024.10.02-08.11.26:800][  0]LogInit: Applying CVar settings loaded from the selected device profile: [Windows]
[2024.10.02-08.11.26:800][  0]LogHAL: Display: Platform has ~ 16 GB [16844595200 / 17179869184 / 16], which maps to Larger [LargestMinGB=32, LargerMinGB=12, DefaultMinGB=8, SmallerMinGB=6, SmallestMinGB=0)
[2024.10.02-08.11.26:800][  0]LogInit: Going up to parent DeviceProfile []
[2024.10.02-08.11.26:800][  0]LogConfig: Applying CVar settings from Section [ViewDistanceQuality@3] File [C:/Users/hugo.sundstrom/Documents/GitHub/GymnasieArbete2/gymproject/Saved/Config/Windows/Scalability.ini]
[2024.10.02-08.11.26:801][  0]LogConfig: Setting CVar [[r.SkeletalMeshLODBias:0]]
[2024.10.02-08.11.26:801][  0]LogConfig: Setting CVar [[r.ViewDistanceScale:1.0]]
[2024.10.02-08.11.26:801][  0]LogConfig: Applying CVar settings from Section [AntiAliasingQuality@3] File [C:/Users/hugo.sundstrom/Documents/GitHub/GymnasieArbete2/gymproject/Saved/Config/Windows/Scalability.ini]
[2024.10.02-08.11.26:801][  0]LogConfig: Setting CVar [[r.PostProcessAAQuality:4]]
[2024.10.02-08.11.26:801][  0]LogConfig: Applying CVar settings from Section [ShadowQuality@3] File [C:/Users/hugo.sundstrom/Documents/GitHub/GymnasieArbete2/gymproject/Saved/Config/Windows/Scalability.ini]
[2024.10.02-08.11.26:801][  0]LogConfig: Setting CVar [[r.LightFunctionQuality:1]]
[2024.10.02-08.11.26:801][  0]LogConfig: Setting CVar [[r.ShadowQuality:5]]
[2024.10.02-08.11.26:801][  0]LogConfig: Setting CVar [[r.Shadow.CSM.MaxCascades:10]]
[2024.10.02-08.11.26:801][  0]LogConfig: Setting CVar [[r.Shadow.MaxResolution:2048]]
[2024.10.02-08.11.26:801][  0]LogConfig: Setting CVar [[r.Shadow.MaxCSMResolution:2048]]
[2024.10.02-08.11.26:801][  0]LogConfig: Setting CVar [[r.Shadow.RadiusThreshold:0.01]]
[2024.10.02-08.11.26:801][  0]LogConfig: Setting CVar [[r.Shadow.DistanceScale:1.0]]
[2024.10.02-08.11.26:801][  0]LogConfig: Setting CVar [[r.Shadow.CSM.TransitionScale:1.0]]
[2024.10.02-08.11.26:801][  0]LogConfig: Setting CVar [[r.Shadow.PreShadowResolutionFactor:1.0]]
[2024.10.02-08.11.26:801][  0]LogConfig: Setting CVar [[r.DistanceFieldShadowing:1]]
[2024.10.02-08.11.26:801][  0]LogConfig: Setting CVar [[r.DistanceFieldAO:1]]
[2024.10.02-08.11.26:801][  0]LogConfig: Setting CVar [[r.AOQuality:2]]
[2024.10.02-08.11.26:801][  0]LogConfig: Setting CVar [[r.VolumetricFog:1]]
[2024.10.02-08.11.26:801][  0]LogConfig: Setting CVar [[r.VolumetricFog.GridPixelSize:8]]
[2024.10.02-08.11.26:801][  0]LogConfig: Setting CVar [[r.VolumetricFog.GridSizeZ:128]]
[2024.10.02-08.11.26:801][  0]LogConfig: Setting CVar [[r.VolumetricFog.HistoryMissSupersampleCount:4]]
[2024.10.02-08.11.26:801][  0]LogConfig: Setting CVar [[r.LightMaxDrawDistanceScale:1]]
[2024.10.02-08.11.26:801][  0]LogConfig: Setting CVar [[r.CapsuleShadows:1]]
[2024.10.02-08.11.26:801][  0]LogConfig: Applying CVar settings from Section [PostProcessQuality@3] File [C:/Users/hugo.sundstrom/Documents/GitHub/GymnasieArbete2/gymproject/Saved/Config/Windows/Scalability.ini]
[2024.10.02-08.11.26:801][  0]LogConfig: Setting CVar [[r.MotionBlurQuality:4]]
[2024.10.02-08.11.26:801][  0]LogConfig: Setting CVar [[r.AmbientOcclusionMipLevelFactor:0.4]]
[2024.10.02-08.11.26:801][  0]LogConfig: Setting CVar [[r.AmbientOcclusionMaxQuality:100]]
[2024.10.02-08.11.26:801][  0]LogConfig: Setting CVar [[r.AmbientOcclusionLevels:-1]]
[2024.10.02-08.11.26:801][  0]LogConfig: Setting CVar [[r.AmbientOcclusionRadiusScale:1.0]]
[2024.10.02-08.11.26:801][  0]LogConfig: Setting CVar [[r.DepthOfFieldQuality:2]]
[2024.10.02-08.11.26:801][  0]LogConfig: Setting CVar [[r.RenderTargetPoolMin:400]]
[2024.10.02-08.11.26:801][  0]LogConfig: Setting CVar [[r.LensFlareQuality:2]]
[2024.10.02-08.11.26:801][  0]LogConfig: Setting CVar [[r.SceneColorFringeQuality:1]]
[2024.10.02-08.11.26:801][  0]LogConfig: Setting CVar [[r.EyeAdaptationQuality:2]]
[2024.10.02-08.11.26:801][  0]LogConfig: Setting CVar [[r.BloomQuality:5]]
[2024.10.02-08.11.26:801][  0]LogConfig: Setting CVar [[r.FastBlurThreshold:100]]
[2024.10.02-08.11.26:801][  0]LogConfig: Setting CVar [[r.Upscale.Quality:3]]
[2024.10.02-08.11.26:801][  0]LogConfig: Setting CVar [[r.Tonemapper.GrainQuantization:1]]
[2024.10.02-08.11.26:801][  0]LogConfig: Setting CVar [[r.LightShaftQuality:1]]
[2024.10.02-08.11.26:801][  0]LogConfig: Setting CVar [[r.Filter.SizeScale:1]]
[2024.10.02-08.11.26:801][  0]LogConfig: Setting CVar [[r.Tonemapper.Quality:5]]
[2024.10.02-08.11.26:801][  0]LogConfig: Setting CVar [[r.DOF.Gather.AccumulatorQuality:1        ; higher gathering accumulator quality]]
[2024.10.02-08.11.26:801][  0]LogConfig: Setting CVar [[r.DOF.Gather.PostfilterMethod:1          ; Median3x3 postfilering method]]
[2024.10.02-08.11.26:801][  0]LogConfig: Setting CVar [[r.DOF.Gather.EnableBokehSettings:0       ; no bokeh simulation when gathering]]
[2024.10.02-08.11.26:801][  0]LogConfig: Setting CVar [[r.DOF.Gather.RingCount:4                 ; medium number of samples when gathering]]
[2024.10.02-08.11.26:801][  0]LogConfig: Setting CVar [[r.DOF.Scatter.ForegroundCompositing:1    ; additive foreground scattering]]
[2024.10.02-08.11.26:801][  0]LogConfig: Setting CVar [[r.DOF.Scatter.BackgroundCompositing:2    ; additive background scattering]]
[2024.10.02-08.11.26:801][  0]LogConfig: Setting CVar [[r.DOF.Scatter.EnableBokehSettings:1      ; bokeh simulation when scattering]]
[2024.10.02-08.11.26:801][  0]LogConfig: Setting CVar [[r.DOF.Scatter.MaxSpriteRatio:0.1         ; only a maximum of 10% of scattered bokeh]]
[2024.10.02-08.11.26:801][  0]LogConfig: Setting CVar [[r.DOF.Recombine.Quality:1                ; cheap slight out of focus]]
[2024.10.02-08.11.26:801][  0]LogConfig: Setting CVar [[r.DOF.Recombine.EnableBokehSettings:0    ; no bokeh simulation on slight out of focus]]
[2024.10.02-08.11.26:801][  0]LogConfig: Setting CVar [[r.DOF.TemporalAAQuality:1                ; more stable temporal accumulation]]
[2024.10.02-08.11.26:801][  0]LogConfig: Setting CVar [[r.DOF.Kernel.MaxForegroundRadius:0.025]]
[2024.10.02-08.11.26:801][  0]LogConfig: Setting CVar [[r.DOF.Kernel.MaxBackgroundRadius:0.025]]
[2024.10.02-08.11.26:801][  0]LogConfig: Applying CVar settings from Section [TextureQuality@3] File [C:/Users/hugo.sundstrom/Documents/GitHub/GymnasieArbete2/gymproject/Saved/Config/Windows/Scalability.ini]
[2024.10.02-08.11.26:801][  0]LogConfig: Setting CVar [[r.Streaming.MipBias:0]]
[2024.10.02-08.11.26:801][  0]LogConfig: Setting CVar [[r.Streaming.AmortizeCPUToGPUCopy:0]]
[2024.10.02-08.11.26:801][  0]LogConfig: Setting CVar [[r.Streaming.MaxNumTexturesToStreamPerFrame:0]]
[2024.10.02-08.11.26:801][  0]LogConfig: Setting CVar [[r.Streaming.Boost:1]]
[2024.10.02-08.11.26:801][  0]LogConfig: Setting CVar [[r.MaxAnisotropy:8]]
[2024.10.02-08.11.26:801][  0]LogConfig: Setting CVar [[r.VT.MaxAnisotropy:8]]
[2024.10.02-08.11.26:801][  0]LogConfig: Setting CVar [[r.Streaming.LimitPoolSizeToVRAM:0]]
[2024.10.02-08.11.26:801][  0]LogConfig: Setting CVar [[r.Streaming.PoolSize:1000]]
[2024.10.02-08.11.26:801][  0]LogConfig: Setting CVar [[r.Streaming.MaxEffectiveScreenSize:0]]
[2024.10.02-08.11.26:801][  0]LogConfig: Applying CVar settings from Section [EffectsQuality@3] File [C:/Users/hugo.sundstrom/Documents/GitHub/GymnasieArbete2/gymproject/Saved/Config/Windows/Scalability.ini]
[2024.10.02-08.11.26:801][  0]LogConfig: Setting CVar [[r.TranslucencyLightingVolumeDim:64]]
[2024.10.02-08.11.26:801][  0]LogConfig: Setting CVar [[r.RefractionQuality:2]]
[2024.10.02-08.11.26:801][  0]LogConfig: Setting CVar [[r.SSR.Quality:3]]
[2024.10.02-08.11.26:801][  0]LogConfig: Setting CVar [[r.SSR.HalfResSceneColor:0]]
[2024.10.02-08.11.26:801][  0]LogConfig: Setting CVar [[r.SceneColorFormat:4]]
[2024.10.02-08.11.26:801][  0]LogConfig: Setting CVar [[r.DetailMode:2]]
[2024.10.02-08.11.26:801][  0]LogConfig: Setting CVar [[r.TranslucencyVolumeBlur:1]]
[2024.10.02-08.11.26:801][  0]LogConfig: Setting CVar [[r.MaterialQualityLevel:1 ; High quality]]
[2024.10.02-08.11.26:801][  0]LogConfig: Setting CVar [[r.AnisotropicMaterials:1]]
[2024.10.02-08.11.26:801][  0]LogConfig: Setting CVar [[r.SSS.Scale:1]]
[2024.10.02-08.11.26:801][  0]LogConfig: Setting CVar [[r.SSS.SampleSet:2]]
[2024.10.02-08.11.26:801][  0]LogConfig: Setting CVar [[r.SSS.Quality:1]]
[2024.10.02-08.11.26:801][  0]LogConfig: Setting CVar [[r.SSS.HalfRes:0]]
[2024.10.02-08.11.26:801][  0]LogConfig: Setting CVar [[r.SSGI.Quality:3]]
[2024.10.02-08.11.26:801][  0]LogConfig: Setting CVar [[r.EmitterSpawnRateScale:1.0]]
[2024.10.02-08.11.26:801][  0]LogConfig: Setting CVar [[r.ParticleLightQuality:2]]
[2024.10.02-08.11.26:801][  0]LogConfig: Setting CVar [[r.SkyAtmosphere.AerialPerspectiveLUT.FastApplyOnOpaque:1 ; Always have FastSkyLUT 1 in this case to avoid wrong sky]]
[2024.10.02-08.11.26:801][  0]LogConfig: Setting CVar [[r.SkyAtmosphere.AerialPerspectiveLUT.SampleCountMaxPerSlice:4]]
[2024.10.02-08.11.26:801][  0]LogConfig: Setting CVar [[r.SkyAtmosphere.AerialPerspectiveLUT.DepthResolution:16.0]]
[2024.10.02-08.11.26:801][  0]LogConfig: Setting CVar [[r.SkyAtmosphere.FastSkyLUT:1]]
[2024.10.02-08.11.26:801][  0]LogConfig: Setting CVar [[r.SkyAtmosphere.FastSkyLUT.SampleCountMin:4.0]]
[2024.10.02-08.11.26:801][  0]LogConfig: Setting CVar [[r.SkyAtmosphere.FastSkyLUT.SampleCountMax:128.0]]
[2024.10.02-08.11.26:801][  0]LogConfig: Setting CVar [[r.SkyAtmosphere.SampleCountMin:4.0]]
[2024.10.02-08.11.26:801][  0]LogConfig: Setting CVar [[r.SkyAtmosphere.SampleCountMax:128.0]]
[2024.10.02-08.11.26:801][  0]LogConfig: Setting CVar [[r.SkyAtmosphere.TransmittanceLUT.UseSmallFormat:0]]
[2024.10.02-08.11.26:801][  0]LogConfig: Setting CVar [[r.SkyAtmosphere.TransmittanceLUT.SampleCount:10.0]]
[2024.10.02-08.11.26:801][  0]LogConfig: Setting CVar [[r.SkyAtmosphere.MultiScatteringLUT.SampleCount:15.0]]
[2024.10.02-08.11.26:801][  0]LogConfig: Setting CVar [[r.SkyLight.RealTimeReflectionCapture:1]]
[2024.10.02-08.11.26:801][  0]LogConfig: Applying CVar settings from Section [FoliageQuality@3] File [C:/Users/hugo.sundstrom/Documents/GitHub/GymnasieArbete2/gymproject/Saved/Config/Windows/Scalability.ini]
[2024.10.02-08.11.26:801][  0]LogConfig: Setting CVar [[foliage.DensityScale:1.0]]
[2024.10.02-08.11.26:802][  0]LogConfig: Setting CVar [[grass.DensityScale:1.0]]
[2024.10.02-08.11.26:802][  0]LogConfig: Applying CVar settings from Section [ShadingQuality@3] File [C:/Users/hugo.sundstrom/Documents/GitHub/GymnasieArbete2/gymproject/Saved/Config/Windows/Scalability.ini]
[2024.10.02-08.11.26:802][  0]LogConfig: Setting CVar [[r.HairStrands.SkyLighting.IntegrationType:2]]
[2024.10.02-08.11.26:802][  0]LogConfig: Setting CVar [[r.HairStrands.SkyAO.SampleCount:4]]
[2024.10.02-08.11.26:802][  0]LogConfig: Setting CVar [[r.HairStrands.Visibility.MSAA.SamplePerPixel:4]]
[2024.10.02-08.11.26:802][  0]LogConfig: Applying CVar settings from Section [Startup] File [../../../Engine/Config/ConsoleVariables.ini]
[2024.10.02-08.11.26:802][  0]LogConfig: Setting CVar [[net.UseAdaptiveNetUpdateFrequency:0]]
[2024.10.02-08.11.26:802][  0]LogConfig: Setting CVar [[p.chaos.AllowCreatePhysxBodies:1]]
[2024.10.02-08.11.26:802][  0]LogConfig: Setting CVar [[fx.SkipVectorVMBackendOptimizations:1]]
[2024.10.02-08.11.26:802][  0]LogConfig: Applying CVar settings from Section [ConsoleVariables] File [C:/Users/hugo.sundstrom/Documents/GitHub/GymnasieArbete2/gymproject/Saved/Config/Windows/Engine.ini]
[2024.10.02-08.11.26:802][  0]LogConfig: Applying CVar settings from Section [ConsoleVariables] File [C:/Users/hugo.sundstrom/Documents/GitHub/GymnasieArbete2/gymproject/Saved/Config/Windows/Editor.ini]
[2024.10.02-08.11.26:802][  0]LogInit: Computer: 5CD2226SPK
[2024.10.02-08.11.26:802][  0]LogInit: User: hugosundstrom
[2024.10.02-08.11.26:802][  0]LogInit: CPU Page size=4096, Cores=4
[2024.10.02-08.11.26:802][  0]LogInit: High frequency timer resolution =10.000000 MHz
[2024.10.02-08.11.26:802][  0]LogMemory: Memory total: Physical=15.7GB (16GB approx)
[2024.10.02-08.11.26:802][  0]LogMemory: Platform Memory Stats for Windows
[2024.10.02-08.11.26:802][  0]LogMemory: Process Physical Memory: 141.14 MB used, 141.14 MB peak
[2024.10.02-08.11.26:802][  0]LogMemory: Process Virtual Memory: 118.57 MB used, 118.57 MB peak
[2024.10.02-08.11.26:802][  0]LogMemory: Physical Memory: 12519.85 MB used,  3544.41 MB free, 16064.26 MB total
[2024.10.02-08.11.26:802][  0]LogMemory: Virtual Memory: 134209648.00 MB used,  8083.30 MB free, 134217728.00 MB total
[2024.10.02-08.11.26:808][  0]LogWindows: WindowsPlatformFeatures enabled
[2024.10.02-08.11.26:848][  0]LogInit: Physics initialised using underlying interface: PhysX
[2024.10.02-08.11.26:849][  0]LogInit: Using OS detected language (sv-SE).
[2024.10.02-08.11.26:849][  0]LogInit: Using OS detected locale (sv-SE).
[2024.10.02-08.11.26:853][  0]LogTextLocalizationManager: No localization for 'sv-SE' exists, so 'en' will be used for the language.
[2024.10.02-08.11.27:013][  0]LogInit: Setting process to per monitor DPI aware
[2024.10.02-08.11.27:034][  0]LogWindowsTextInputMethodSystem: Display: IME system deactivated.
[2024.10.02-08.11.27:050][  0]LogSlate: New Slate User Created.  User Index 0, Is Virtual User: 0
[2024.10.02-08.11.27:050][  0]LogSlate: Slate User Registered.  User Index 0, Is Virtual User: 0
[2024.10.02-08.11.27:187][  0]LogD3D11RHI: Loaded GFSDK_Aftermath_Lib.x64.dll
[2024.10.02-08.11.27:231][  0]LogHMD: Failed to initialize OpenVR with code 110
[2024.10.02-08.11.27:231][  0]LogD3D11RHI: D3D11 min allowed feature level: 11_0
[2024.10.02-08.11.27:231][  0]LogD3D11RHI: D3D11 max allowed feature level: 11_0
[2024.10.02-08.11.27:231][  0]LogD3D11RHI: D3D11 adapters:
[2024.10.02-08.11.27:356][  0]LogD3D11RHI:    0. 'NVIDIA GeForce MX450' (Feature Level 11_0)
[2024.10.02-08.11.27:356][  0]LogD3D11RHI:       1906/0/8032 MB DedicatedVideo/DedicatedSystem/SharedSystem, Outputs:1, VendorId:0x10de
[2024.10.02-08.11.27:399][  0]LogD3D11RHI:    1. 'Intel(R) Iris(R) Xe Graphics' (Feature Level 11_0)
[2024.10.02-08.11.27:399][  0]LogD3D11RHI:       128/0/8032 MB DedicatedVideo/DedicatedSystem/SharedSystem, Outputs:0, VendorId:0x8086
[2024.10.02-08.11.27:401][  0]LogD3D11RHI:    2. 'Microsoft Basic Render Driver' (Feature Level 11_0)
[2024.10.02-08.11.27:401][  0]LogD3D11RHI:       0/0/8032 MB DedicatedVideo/DedicatedSystem/SharedSystem, Outputs:0, VendorId:0x1414
[2024.10.02-08.11.27:401][  0]LogD3D11RHI: Chosen D3D11 Adapter:
[2024.10.02-08.11.27:401][  0]LogD3D11RHI:     Description : NVIDIA GeForce MX450
[2024.10.02-08.11.27:401][  0]LogD3D11RHI:     VendorId    : 10de
[2024.10.02-08.11.27:401][  0]LogD3D11RHI:     DeviceId    : 1f97
[2024.10.02-08.11.27:401][  0]LogD3D11RHI:     SubSysId    : 87e4103c
[2024.10.02-08.11.27:401][  0]LogD3D11RHI:     Revision    : 00a1
[2024.10.02-08.11.27:401][  0]LogD3D11RHI:     DedicatedVideoMemory : 1999040512 bytes
[2024.10.02-08.11.27:401][  0]LogD3D11RHI:     DedicatedSystemMemory : 0 bytes
[2024.10.02-08.11.27:401][  0]LogD3D11RHI:     SharedSystemMemory : 8422297600 bytes
[2024.10.02-08.11.27:401][  0]LogD3D11RHI:     AdapterLuid : 0 81447
[2024.10.02-08.11.27:409][  0]LogD3D11RHI: Creating new Direct3DDevice
[2024.10.02-08.11.27:409][  0]LogD3D11RHI:     GPU DeviceId: 0x1f97 (for the marketing name, search the web for "GPU Device Id")
[2024.10.02-08.11.27:409][  0]LogWindows: EnumDisplayDevices:
[2024.10.02-08.11.27:409][  0]LogWindows:    0. 'Intel(R) Iris(R) Xe Graphics' (P:1 D:1)
[2024.10.02-08.11.27:409][  0]LogWindows:    1. 'Intel(R) Iris(R) Xe Graphics' (P:0 D:0)
[2024.10.02-08.11.27:409][  0]LogWindows:    2. 'Intel(R) Iris(R) Xe Graphics' (P:0 D:0)
[2024.10.02-08.11.27:409][  0]LogWindows:    3. 'Intel(R) Iris(R) Xe Graphics' (P:0 D:0)
[2024.10.02-08.11.27:409][  0]LogWindows: DebugString: PrimaryIsNotTheChoosenAdapter PrimaryIsNotTheChoosenAdapter PrimaryIsNotTheChoosenAdapter PrimaryIsNotTheChoosenAdapter FoundDriverCount:0 
[2024.10.02-08.11.27:409][  0]LogD3D11RHI:     Adapter Name: NVIDIA GeForce MX450
[2024.10.02-08.11.27:409][  0]LogD3D11RHI:   Driver Version: Unknown (internal:Unknown, unified:Unknown)
[2024.10.02-08.11.27:409][  0]LogD3D11RHI:      Driver Date: Unknown
[2024.10.02-08.11.27:410][  0]LogRHI: Texture pool is 1334 MB (70% of 1906 MB)
[2024.10.02-08.11.27:410][  0]LogD3D11RHI: Creating D3DDevice using adapter:
[2024.10.02-08.11.27:410][  0]LogD3D11RHI:     Description : NVIDIA GeForce MX450
[2024.10.02-08.11.27:410][  0]LogD3D11RHI:     VendorId    : 10de
[2024.10.02-08.11.27:410][  0]LogD3D11RHI:     DeviceId    : 1f97
[2024.10.02-08.11.27:410][  0]LogD3D11RHI:     SubSysId    : 87e4103c
[2024.10.02-08.11.27:410][  0]LogD3D11RHI:     Revision    : 00a1
[2024.10.02-08.11.27:410][  0]LogD3D11RHI:     DedicatedVideoMemory : 1999040512 bytes
[2024.10.02-08.11.27:410][  0]LogD3D11RHI:     DedicatedSystemMemory : 0 bytes
[2024.10.02-08.11.27:410][  0]LogD3D11RHI:     SharedSystemMemory : 8422297600 bytes
[2024.10.02-08.11.27:410][  0]LogD3D11RHI:     AdapterLuid : 0 81447
[2024.10.02-08.11.27:486][  0]LogD3D11RHI: RHI has support for 64 bit atomics
[2024.10.02-08.11.27:487][  0]LogD3D11RHI: Async texture creation enabled
[2024.10.02-08.11.27:487][  0]LogD3D11RHI: Array index from any shader is supported
[2024.10.02-08.11.27:505][  0]LogD3D11RHI: GPU Timing Frequency: 1000.000000 (Debug: 2 2)
[2024.10.02-08.11.27:529][  0]LogRHI: GeForceNow SDK initialized: 1
[2024.10.02-08.11.27:820][  0]LogTargetPlatformManager: Display: Loaded TargetPlatform 'AllDesktop'
[2024.10.02-08.11.27:839][  0]LogTargetPlatformManager: Display: Loaded TargetPlatform 'Android'
[2024.10.02-08.11.27:839][  0]LogTargetPlatformManager: Display: Loaded TargetPlatform 'Android_ASTC'
[2024.10.02-08.11.27:839][  0]LogTargetPlatformManager: Display: Loaded TargetPlatform 'Android_DXT'
[2024.10.02-08.11.27:839][  0]LogTargetPlatformManager: Display: Loaded TargetPlatform 'Android_ETC2'
[2024.10.02-08.11.27:839][  0]LogTargetPlatformManager: Display: Loaded TargetPlatform 'AndroidClient'
[2024.10.02-08.11.27:839][  0]LogTargetPlatformManager: Display: Loaded TargetPlatform 'Android_ASTCClient'
[2024.10.02-08.11.27:839][  0]LogTargetPlatformManager: Display: Loaded TargetPlatform 'Android_DXTClient'
[2024.10.02-08.11.27:839][  0]LogTargetPlatformManager: Display: Loaded TargetPlatform 'Android_ETC2Client'
[2024.10.02-08.11.27:839][  0]LogTargetPlatformManager: Display: Loaded TargetPlatform 'Android_Multi'
[2024.10.02-08.11.27:839][  0]LogTargetPlatformManager: Display: Loaded TargetPlatform 'Android_MultiClient'
[2024.10.02-08.11.27:858][  0]LogTargetPlatformManager: Display: Loaded TargetPlatform 'IOSClient'
[2024.10.02-08.11.27:858][  0]LogTargetPlatformManager: Display: Loaded TargetPlatform 'IOS'
[2024.10.02-08.11.27:867][  0]LogTargetPlatformManager: Display: Loaded TargetPlatform 'Linux'
[2024.10.02-08.11.27:875][  0]LogTargetPlatformManager: Display: Loaded TargetPlatform 'LinuxNoEditor'
[2024.10.02-08.11.27:879][  0]LogTargetPlatformManager: Display: Loaded TargetPlatform 'LinuxClient'
[2024.10.02-08.11.27:884][  0]LogTargetPlatformManager: Display: Loaded TargetPlatform 'LinuxServer'
[2024.10.02-08.11.27:893][  0]LogTargetPlatformManager: Display: Loaded TargetPlatform 'LinuxAArch64NoEditor'
[2024.10.02-08.11.27:898][  0]LogTargetPlatformManager: Display: Loaded TargetPlatform 'LinuxAArch64Client'
[2024.10.02-08.11.27:902][  0]LogTargetPlatformManager: Display: Loaded TargetPlatform 'LinuxAArch64Server'
[2024.10.02-08.11.27:925][  0]LogTargetPlatformManager: Display: Loaded TargetPlatform 'Lumin'
[2024.10.02-08.11.27:925][  0]LogTargetPlatformManager: Display: Loaded TargetPlatform 'LuminClient'
[2024.10.02-08.11.27:933][  0]LogTargetPlatformManager: Display: Loaded TargetPlatform 'MacNoEditor'
[2024.10.02-08.11.27:938][  0]LogTargetPlatformManager: Display: Loaded TargetPlatform 'Mac'
[2024.10.02-08.11.27:943][  0]LogTargetPlatformManager: Display: Loaded TargetPlatform 'MacClient'
[2024.10.02-08.11.27:947][  0]LogTargetPlatformManager: Display: Loaded TargetPlatform 'MacServer'
[2024.10.02-08.11.27:957][  0]LogTargetPlatformManager: Display: Loaded TargetPlatform 'TVOSClient'
[2024.10.02-08.11.27:957][  0]LogTargetPlatformManager: Display: Loaded TargetPlatform 'TVOS'
[2024.10.02-08.11.27:966][  0]LogTargetPlatformManager: Display: Loaded TargetPlatform 'WindowsNoEditor'
[2024.10.02-08.11.27:969][  0]LogTargetPlatformManager: Display: Loaded TargetPlatform 'Windows'
[2024.10.02-08.11.27:975][  0]LogTargetPlatformManager: Display: Loaded TargetPlatform 'WindowsClient'
[2024.10.02-08.11.27:979][  0]LogTargetPlatformManager: Display: Loaded TargetPlatform 'WindowsServer'
[2024.10.02-08.11.27:979][  0]LogTargetPlatformManager: Display: Building Assets For Windows
[2024.10.02-08.11.27:987][  0]LogAudioDebug: Display: Lib vorbis DLL was dynamically loaded.
[2024.10.02-08.11.28:022][  0]LogTextureFormatOodle: Display: Oodle Texture 2.9.0 init RDO Off
[2024.10.02-08.11.28:064][  0]LogRendererCore: Ray tracing is disabled. Reason: r.RayTracing=0.
[2024.10.02-08.11.28:064][  0]LogShaderCompilers: Guid format shader working directory is -28 characters bigger than the processId version (../../../../../../Users/hugo.sundstrom/Documents/GitHub/GymnasieArbete2/gymproject/Intermediate/Shaders/WorkingDirectory/15548/).
[2024.10.02-08.11.28:064][  0]LogShaderCompilers: Cleaned the shader compiler working directory 'C:/Users/hugo.sundstrom/AppData/Local/Temp/UnrealShaderWorkingDir/9D8A173645586A77FB083EACE4EA1909/'.
[2024.10.02-08.11.28:064][  0]LogXGEController: Cannot use XGE Controller as Incredibuild is not installed on this machine.
[2024.10.02-08.11.28:064][  0]LogShaderCompilers: Cannot use XGE Shader Compiler as Incredibuild is not installed on this machine.
[2024.10.02-08.11.28:064][  0]LogShaderCompilers: Display: Using Local Shader Compiler.
[2024.10.02-08.11.28:768][  0]LogDerivedDataCache: Display: Max Cache Size: 512 MB
[2024.10.02-08.11.28:824][  0]LogDerivedDataCache: Loaded boot cache 0.06s 94MB C:/Users/hugo.sundstrom/AppData/Local/UnrealEngine/4.27/DerivedDataCache/Boot.ddc.
[2024.10.02-08.11.28:824][  0]LogDerivedDataCache: Display: Loaded Boot cache: C:/Users/hugo.sundstrom/AppData/Local/UnrealEngine/4.27/DerivedDataCache/Boot.ddc
[2024.10.02-08.11.28:824][  0]LogDerivedDataCache: FDerivedDataBackendGraph:  Pak pak cache file ../../../../../../Users/hugo.sundstrom/Documents/GitHub/GymnasieArbete2/gymproject/DerivedDataCache/DDC.ddp not found, will not use a pak cache.
[2024.10.02-08.11.28:824][  0]LogDerivedDataCache: Unable to find inner node Pak for hierarchical cache Hierarchy.
[2024.10.02-08.11.28:824][  0]LogDerivedDataCache: FDerivedDataBackendGraph:  CompressedPak pak cache file ../../../../../../Users/hugo.sundstrom/Documents/GitHub/GymnasieArbete2/gymproject/DerivedDataCache/Compressed.ddp not found, will not use a pak cache.
[2024.10.02-08.11.28:824][  0]LogDerivedDataCache: Unable to find inner node CompressedPak for hierarchical cache Hierarchy.
[2024.10.02-08.11.28:842][  0]LogDerivedDataCache: Display: Pak cache opened for reading ../../../Engine/DerivedDataCache/Compressed.ddp.
[2024.10.02-08.11.28:842][  0]LogDerivedDataCache: FDerivedDataBackendGraph:  EnterprisePak pak cache file ../../../Enterprise/DerivedDataCache/Compressed.ddp not found, will not use a pak cache.
[2024.10.02-08.11.28:842][  0]LogDerivedDataCache: Unable to find inner node EnterprisePak for hierarchical cache Hierarchy.
[2024.10.02-08.11.28:849][  0]LogDerivedDataCache: Speed tests for C:/Users/hugo.sundstrom/AppData/Local/UnrealEngine/Common/DerivedDataCache took 0.01 seconds
[2024.10.02-08.11.28:849][  0]LogDerivedDataCache: Display: Performance to C:/Users/hugo.sundstrom/AppData/Local/UnrealEngine/Common/DerivedDataCache: Latency=0.03ms. RandomReadSpeed=1482.05MBs, RandomWriteSpeed=139.70MBs. Assigned SpeedClass 'Local'
[2024.10.02-08.11.28:850][  0]LogDerivedDataCache: Using Local data cache path C:/Users/hugo.sundstrom/AppData/Local/UnrealEngine/Common/DerivedDataCache: Writable
[2024.10.02-08.11.28:850][  0]LogDerivedDataCache: Shared data cache path not found in *engine.ini, will not use an Shared cache.
[2024.10.02-08.11.28:850][  0]LogDerivedDataCache: Unable to find inner node Shared for hierarchical cache Hierarchy.
[2024.10.02-08.11.28:895][  0]LogSlate: Using FreeType 2.10.0
[2024.10.02-08.11.28:895][  0]LogSlate: SlateFontServices - WITH_FREETYPE: 1, WITH_HARFBUZZ: 1
[2024.10.02-08.11.28:919][  0]LogAssetRegistry: FAssetRegistry took 0.0027 seconds to start up
[2024.10.02-08.11.29:269][  0]LogInit: Selected Device Profile: [Windows]
[2024.10.02-08.11.29:269][  0]LogInit: Active device profile: [00000113A72DCF00][00000113A36BCB40 49] Windows
[2024.10.02-08.11.29:269][  0]LogInit: Profiles: [00000113A72DCF00][00000113A36BCB40 49] Windows, [00000113A729E400][00000113A53A6C80 49] WindowsNoEditor, [00000113A72DDF00][00000113A53AADC0 49] WindowsServer, [00000113A729D600][00000113A53B2F40 49] WindowsClient, [00000113A72DD000][00000113A53B70C0 49] IOS, [00000113A729FA00][00000113A53BB240 49] iPadAir, [00000113A72DF300][00000113A53BF3C0 49] iPadAir2, [00000113A720D300][00000113A53C7680 49] IPadPro, [00000113A720D400][00000113A53C36C0 49] iPadAir3, [00000113A729CB00][00000113A53CB840 49] iPadAir4, [00000113A720E100][00000113A73E19C0 49] iPadMini2, [00000113A729F400][00000113A73E5B40 49] iPadMini3, [00000113A720EC00][00000113A73E8140 49] iPadMini4, [00000113A729E700][00000113A73EC2C0 49] iPadMini5, [00000113A7258E00][00000113A73F4580 49] iPhone6, [00000113A7258F00][00000113A73F05C0 49] iPodTouch6, [00000113A72DF700][00000113A73FC880 49] iPhone7, [00000113A72DE800][00000113A73F88C0 49] iPodTouch7, [00000113A720CC00][00000113A7400A40 49] iPhone5S, [00000113A72DD300][00000113A53AEB80 49] iPhone6Plus, [00000113A72DC600][00000113A7404CC0 49] iPhone6S, [00000113A7259300][00000113A7408E00 49] iPhone6SPlus, [00000113A72DCB00][00000113A740CF40 49] iPhone7Plus, [00000113A7259600][00000113A74150C0 49] iPhoneSE, [00000113A72DCA00][00000113A7419240 49] iPhone8, [00000113A7259200][00000113A741D3C0 49] iPhone8Plus, [00000113A720EB00][00000113A7421540 49] iPhoneX, [00000113A7258C00][00000113A74256C0 49] iPhoneXS, [00000113A720FA00][00000113A7429840 49] iPhoneXSMax, [00000113A725B800][00000113A742D9C0 49] iPhoneXR, [00000113A720CD00][00000113A7431B40 49] iPhone11, [00000113A725A600][00000113A7434140 49] iPhone11Pro, [00000113A720E900][00000113A74382C0 49] iPhone11ProMax, [00000113A7258200][00000113A743C440 49] iPhoneSE2, [00000113A720CB00][00000113A74405C0 49] iPhone12Mini, [00000113A725AA00][00000113A7444740 49] iPhone12, [00000113A720EE00][00000113A74568C0 49] iPhone12Pro, [00000113A7258A00][00000113A7468A40 49] iPhone12ProMax, [00000113A720F200][00000113A746CBC0 49] iPadPro105, [00000113A725B600][00000113A7470D40 49] iPadPro129, [00000113A720E000][00000113A7410E80 49] iPadPro97, [00000113A725A000][00000113A7474FC0 49] iPadPro2_129, [00000113A720E400][00000113A7479100 49] iPad5, [00000113A7259400][00000113A7481280 49] iPad6, [00000113A720D000][00000113A74C1400 49] iPad7, [00000113A7259700][00000113A74C5580 49] iPad8, [00000113A720FC00][00000113A74C9700 49] iPadPro11, [00000113A7259800][00000113A7509880 49] iPadPro2_11, [00000113A720C600][00000113A750DA00 49] iPadPro3_129, [00000113A7258D00][00000113A7511B80 49] iPadPro4_129, [00000113A720F100][00000113A7514180 49] AppleTV, [00000113A7258800][00000113A7518300 49] AppleTV4K, [00000113A720C500][00000113A751C480 49] TVOS, [00000113A7258500][00000113A7520600 49] Mac, [00000113A720C700][00000113A7524780 49] MacClient, [00000113A7259500][00000113A7528900 49] MacNoEditor, [00000113A720D500][00000113A752CA80 49] MacServer, [00000113A725AE00][00000113A7530C00 49] Linux, [00000113A720C400][00000113A7534D80 49] LinuxAArch64, [00000113A7259E00][00000113A7538F00 49] LinuxNoEditor, [00000113A720DC00][00000113A747D040 49] LinuxAArch64NoEditor, [00000113A725A900][00000113A753D180 49] LinuxClient, [00000113A720ED00][00000113A75452C0 49] LinuxAArch64Client, [00000113A7258100][00000113A7555440 49] LinuxServer, [00000113A720DE00][00000113A75655C0 49] LinuxAArch64Server, [00000113A7258B00][00000113A7569740 49] Android, [00000113A720DA00][00000113A756D8C0 49] Android_Low, [00000113A725AF00][00000113A7571A40 49] Android_Mid, [00000113A720D100][00000113A7575BC0 49] Android_High, [00000113A725B000][00000113A75781C0 49] Android_Default, [00000113A720D700][00000113A757C340 49] Android_Adreno4xx, [00000113A7259900][00000113A75804C0 49] Android_Adreno5xx_Low, [00000113A720CA00][00000113A7584640 49] Android_Adreno5xx, [00000113A725B400][00000113A75887C0 49] Android_Adreno6xx, [00000113A720CE00][00000113A758C940 49] Android_Adreno6xx_Vulkan, [00000113A725B100][00000113A7590AC0 49] Android_Mali_T6xx, [00000113A72DEF00][00000113A7594C40 49] Android_Mali_T7xx, [00000113A729C800][00000113A7598DC0 49] Android_Mali_T8xx, [00000113A72DD200][00000113A759CF40 49] Android_Mali_G71, [00000113A729CE00][00000113A75A10C0 49] Android_Mali_G72, [00000113A72DD100][00000113A7551200 49] Android_Mali_G72_Vulkan, [00000113A729E500][00000113A75A5340 49] Android_Mali_G76, [00000113A72DD500][00000113A75A9480 49] Android_Mali_G76_Vulkan, [00000113A729E000][00000113A75AD5C0 49] Android_Mali_G77, [00000113A72DFF00][00000113A75B5740 49] Android_Mali_G77_Vulkan, [00000113A729DD00][00000113A75B98C0 49] Android_Mali_G78, [00000113A72DC300][00000113A75BDA40 49] Android_Mali_G78_Vulkan, [00000113A729C400][00000113A75C1BC0 49] Android_Mali_G710, [00000113A72DF600][00000113A75C41C0 49] Android_Mali_G710_Vulkan, [00000113A729F100][00000113A75C8340 49] Android_Vulkan_SM5, [00000113A72DC900][00000113A75CC4C0 49] Android_PowerVR_G6xxx, [00000113A729CA00][00000113A75D0640 49] Android_PowerVR_GT7xxx, [00000113A72DCD00][00000113A75D47C0 49] Android_PowerVR_GE8xxx, [00000113A729FB00][00000113A75D8940 49] Android_PowerVR_GM9xxx, [00000113A72DE300][00000113A75DCAC0 49] Android_PowerVR_GM9xxx_Vulkan, [00000113A729D200][00000113A75E0C40 49] Android_TegraK1, [00000113A72DEA00][00000113A75E4DC0 49] Android_Unknown_Vulkan, [00000113A729F000][00000113A75E8F40 49] Lumin, [00000113A72DDC00][00000113A75ED0C0 49] Lumin_Desktop, [00000113A729EE00][00000113A75F1240 49] HoloLens, 
[2024.10.02-08.11.29:476][  0]LogMeshReduction: Using QuadricMeshReduction for automatic static mesh reduction
[2024.10.02-08.11.29:476][  0]LogMeshReduction: Using SimplygonMeshReduction for automatic skeletal mesh reduction
[2024.10.02-08.11.29:476][  0]LogMeshReduction: Using ProxyLODMeshReduction for automatic mesh merging
[2024.10.02-08.11.29:476][  0]LogMeshReduction: No distributed automatic mesh merging module available
[2024.10.02-08.11.29:476][  0]LogMeshMerging: No distributed automatic mesh merging module available
[2024.10.02-08.11.29:498][  0]LogNetVersion: gymproject 1.0.0, NetCL: 17155196, EngineNetVer: 17, GameNetVer: 0 (Checksum: 4004419698)
[2024.10.02-08.11.29:939][  0]LogTexture: Default maximum texture size for cubemaps generated from long-lat sources has been changed from 512 to unlimited. In order to preserve old behaiour for '/Engine/MapTemplates/Sky/DaylightAmbientCubemap.DaylightAmbientCubemap', its maximum texture size has been explicitly set to 512.
[2024.10.02-08.11.29:991][  0]LogHMD: PokeAHoleMaterial loaded successfully
[2024.10.02-08.11.29:996][  0]LogUObjectArray: 17178 objects as part of root set at end of initial load.
[2024.10.02-08.11.29:996][  0]LogUObjectAllocator: 4302048 out of 0 bytes used by permanent object pool.
[2024.10.02-08.11.29:996][  0]LogUObjectArray: CloseDisregardForGC: 0/0 objects in disregard for GC pool
[2024.10.02-08.11.30:254][  0]LogPython: Using Python 3.7.7
[2024.10.02-08.11.30:774][  0]LogTcpMessaging: Initializing TcpMessaging bridge
[2024.10.02-08.11.30:780][  0]LogUdpMessaging: Initializing bridge on interface 0.0.0.0:0 to multicast group 230.0.0.1:6666.
[2024.10.02-08.11.30:849][  0]LogNiagaraDebuggerClient: Niagara Debugger Client Initialized | Session: 2D877E344763F3CFBB91A883D052BB32 | Instance: F3A057E848F9EB2E1BE978A1EFC5F2A7 (5CD2226SPK-15548).
[2024.10.02-08.11.30:912][  0]LogLinker: Warning: Failed to load '/Game/SideScrollerBP/SideScrollerOverview': Can't find file.
[2024.10.02-08.11.30:912][  0]LogLinker: Warning: Failed to load '/Game/SideScrollerBP/SideScrollerOverview': Can't find file.
[2024.10.02-08.11.30:912][  0]LogUObjectGlobals: Warning: Failed to find object 'Class /Game/SideScrollerBP/SideScrollerOverview.SideScrollerOverview_C'
[2024.10.02-08.11.30:999][  0]SourceControl: Source control is disabled
[2024.10.02-08.11.30:999][  0]SourceControl: Source control is disabled
[2024.10.02-08.11.31:003][  0]SourceControl: Source control is disabled
[2024.10.02-08.11.31:009][  0]SourceControl: Source control is disabled
[2024.10.02-08.11.31:017][  0]SourceControl: Source control is disabled
[2024.10.02-08.11.31:024][  0]LogUProjectInfo: Found projects:
[2024.10.02-08.11.31:187][  0]LogOpenImageDenoise: OIDN starting up
[2024.10.02-08.11.31:304][  0]LogAndroidPermission: UAndroidPermissionCallbackProxy::GetInstance
[2024.10.02-08.11.31:333][  0]LogAudioCaptureCore: Display: No Audio Capture implementations found. Audio input will be silent.
[2024.10.02-08.11.31:333][  0]LogAudioCaptureCore: Display: No Audio Capture implementations found. Audio input will be silent.
[2024.10.02-08.11.31:463][  0]LogCollectionManager: Loaded 0 collections in 0.001420 seconds
[2024.10.02-08.11.31:485][  0]LogFileCache: Scanning file cache for directory 'C:/Users/hugo.sundstrom/Documents/GitHub/GymnasieArbete2/gymproject/Saved/Collections/' took 0.00s
[2024.10.02-08.11.31:485][  0]LogFileCache: Scanning file cache for directory 'C:/Users/hugo.sundstrom/Documents/GitHub/GymnasieArbete2/gymproject/Content/Developers/hugosundstrom/Collections/' took 0.00s
[2024.10.02-08.11.31:485][  0]LogFileCache: Scanning file cache for directory 'C:/Users/hugo.sundstrom/Documents/GitHub/GymnasieArbete2/gymproject/Content/Collections/' took 0.00s
[2024.10.02-08.11.31:485][  0]LogOcInput: OculusInput pre-init called
[2024.10.02-08.11.31:713][  0]LogEngine: Initializing Engine...
[2024.10.02-08.11.31:772][  0]LogHMD: Failed to enumerate extensions. Please check that you have a valid OpenXR runtime installed.
[2024.10.02-08.11.31:772][  0]LogHMD: Failed to initialize OpenVR with code 110
[2024.10.02-08.11.31:773][  0]LogMagicLeap: Warning: VR disabled because ZI is not enabled.  To enable, in the editor, Edit -> Project Settings -> Plugins -> Magic Leap Plugin -> Enable Zero Iteration
[2024.10.02-08.11.31:774][  0]LogStats: UGameplayTagsManager::InitializeManager -  0.000 s
[2024.10.02-08.11.31:910][  0]LogInit: Initializing FReadOnlyCVARCache
[2024.10.02-08.11.31:921][  0]LogAIModule: Creating AISystem for world Untitled
[2024.10.02-08.11.31:930][  0]LogAudio: Display: Initializing Audio Device Manager...
[2024.10.02-08.11.31:933][  0]LogAudio: Display: Loading Default Audio Settings Objects...
[2024.10.02-08.11.31:934][  0]LogAudio: Display: No default SoundConcurrencyObject specified (or failed to load).
[2024.10.02-08.11.31:934][  0]LogAudio: Display: Audio Device Manager Initialized
[2024.10.02-08.11.31:934][  0]LogAudio: Display: Creating Audio Device:                 Id: 1, Scope: Shared, Realtime: True
[2024.10.02-08.11.31:934][  0]LogAudioMixer: Display: Audio Mixer Platform Settings:
[2024.10.02-08.11.31:934][  0]LogAudioMixer: Display: 	Sample Rate:						  48000
[2024.10.02-08.11.31:934][  0]LogAudioMixer: Display: 	Callback Buffer Frame Size Requested: 1024
[2024.10.02-08.11.31:934][  0]LogAudioMixer: Display: 	Callback Buffer Frame Size To Use:	  1024
[2024.10.02-08.11.31:934][  0]LogAudioMixer: Display: 	Number of buffers to queue:			  2
[2024.10.02-08.11.31:934][  0]LogAudioMixer: Display: 	Max Channels (voices):				  32
[2024.10.02-08.11.31:934][  0]LogAudioMixer: Display: 	Number of Async Source Workers:		  0
[2024.10.02-08.11.31:934][  0]LogAudio: Display: AudioDevice MaxSources: 32
[2024.10.02-08.11.31:935][  0]LogAudio: Display: Audio Spatialization Plugin: None (built-in).
[2024.10.02-08.11.31:935][  0]LogAudio: Display: Audio Reverb Plugin: None (built-in).
[2024.10.02-08.11.31:935][  0]LogAudio: Display: Audio Occlusion Plugin: None (built-in).
[2024.10.02-08.11.31:935][  0]LogAudioMixer: Display: Initializing audio mixer.
[2024.10.02-08.11.31:945][  0]LogAudioMixer: Display: 0: FrontLeft
[2024.10.02-08.11.31:945][  0]LogAudioMixer: Display: 1: FrontRight
[2024.10.02-08.11.32:100][  0]LogAudioMixer: Display: Using Audio Device Högtalare (Realtek(R) Audio)
[2024.10.02-08.11.32:101][  0]LogAudioMixer: Display: Initializing Sound Submixes...
[2024.10.02-08.11.32:104][  0]LogAudioMixer: Display: Creating Master Submix 'MasterSubmixDefault'
[2024.10.02-08.11.32:104][  0]LogAudioMixer: Display: Creating Master Submix 'MasterReverbSubmixDefault'
[2024.10.02-08.11.32:105][  0]LogAudioMixer: Display: Creating Master Submix 'MasterEQSubmixDefault'
[2024.10.02-08.11.32:105][  0]LogAudioMixer: FMixerPlatformXAudio2::StartAudioStream() called
[2024.10.02-08.11.32:105][  0]LogAudioMixer: Display: Output buffers initialized: Frames=1024, Channels=2, Samples=2048
[2024.10.02-08.11.32:107][  0]LogAudioMixer: Display: Starting AudioMixerPlatformInterface::RunInternal()
[2024.10.02-08.11.32:107][  0]LogAudioMixer: Display: FMixerPlatformXAudio2::SubmitBuffer() called for the first time
[2024.10.02-08.11.32:107][  0]LogInit: FAudioDevice initialized.
[2024.10.02-08.11.32:107][  0]LogAudio: Display: Audio Device (ID: 1) registered with world 'Untitled'.
[2024.10.02-08.11.32:107][  0]LogNetVersion: Set ProjectVersion to 1.0.0.0. Version Checksum will be recalculated on next use.
[2024.10.02-08.11.32:180][  0]LogDerivedDataCache: Saved boot cache 0.07s 94MB C:/Users/hugo.sundstrom/AppData/Local/UnrealEngine/4.27/DerivedDataCache/Boot.ddc.
[2024.10.02-08.11.32:180][  0]LogInit: Texture streaming: Enabled
[2024.10.02-08.11.32:195][  0]LogAnalytics: Display: [UEEditor.Rocket.Release] APIServer = https://datarouter.ol.epicgames.com/. AppVersion = 4.27.2-18319896+++UE4+Release-4.27
[2024.10.02-08.11.32:198][  0]LogEngineSessionManager: EngineSessionManager initialized
[2024.10.02-08.11.32:198][  0]LogEditorSessionSummary: Verbose: Initializing EditorSessionSummaryWriter for editor session tracking
[2024.10.02-08.11.32:199][  0]LogEditorSessionSummary: EditorSessionSummaryWriter initialized
[2024.10.02-08.11.32:224][  0]LogInit: Transaction tracking system initialized
[2024.10.02-08.11.32:248][  0]BlueprintLog: New page: Editor Load
[2024.10.02-08.11.32:315][  0]LocalizationService: Localization service is disabled
[2024.10.02-08.11.32:340][  0]TimingProfiler: Initialize
[2024.10.02-08.11.32:340][  0]TimingProfiler: OnSessionChanged
[2024.10.02-08.11.32:340][  0]LoadingProfiler: Initialize
[2024.10.02-08.11.32:340][  0]LoadingProfiler: OnSessionChanged
[2024.10.02-08.11.32:340][  0]NetworkingProfiler: Initialize
[2024.10.02-08.11.32:340][  0]NetworkingProfiler: OnSessionChanged
[2024.10.02-08.11.32:340][  0]MemoryProfiler: Initialize
[2024.10.02-08.11.32:340][  0]MemoryProfiler: OnSessionChanged
[2024.10.02-08.11.32:498][  0]LogCook: Display: CookSettings for Memory: MemoryMaxUsedVirtual 0MiB, MemoryMaxUsedPhysical 16384MiB, MemoryMinFreeVirtual 0MiB, MemoryMinFreePhysical 1024MiB
[2024.10.02-08.11.32:498][  0]LogCook: Display: Mobile HDR setting 0
[2024.10.02-08.11.32:709][  0]LogFileCache: Scanning file cache for directory 'C:/Users/hugo.sundstrom/Documents/GitHub/GymnasieArbete2/gymproject/Content/' took 0.01s
[2024.10.02-08.11.32:895][  0]LogInit: Display: Engine is initialized. Leaving FEngineLoop::Init()
[2024.10.02-08.11.32:898][  0]SourceControl: Source control is disabled
[2024.10.02-08.11.32:898][  0]LogUnrealEdMisc: Loading editor; pre map load, took 7.267
[2024.10.02-08.11.32:898][  0]Cmd: MAP LOAD FILE="../../../../../../Users/hugo.sundstrom/Documents/GitHub/GymnasieArbete2/gymproject/Content/2DSideScrollerBP/Maps/2DSideScrollerExampleMap.umap" TEMPLATE=0 SHOWPROGRESS=1 FEATURELEVEL=3
[2024.10.02-08.11.32:907][  0]LightingResults: New page: Lighting Build
[2024.10.02-08.11.32:908][  0]LogWorld: UWorld::CleanupWorld for Untitled, bSessionEnded=true, bCleanupResources=true
[2024.10.02-08.11.32:908][  0]LogSlate: InvalidateAllWidgets triggered.  All widgets were invalidated
[2024.10.02-08.11.32:908][  0]MapCheck: New page: Map Check
[2024.10.02-08.11.32:908][  0]LightingResults: New page: Lighting Build
[2024.10.02-08.11.32:914][  0]LogAudio: Display: Audio Device unregistered from world 'None'.
[2024.10.02-08.11.32:916][  0]LogUObjectHash: Compacting FUObjectHashTables data took   0.63ms
[2024.10.02-08.11.33:207][  0]LogAudio: Display: Audio Device (ID: 1) registered with world '2DSideScrollerExampleMap'.
[2024.10.02-08.11.33:208][  0]LogAIModule: Creating AISystem for world 2DSideScrollerExampleMap
[2024.10.02-08.11.33:222][  0]LogEditorServer: Finished looking for orphan Actors (0.000 secs)
[2024.10.02-08.11.33:246][  0]LogUObjectHash: Compacting FUObjectHashTables data took   1.45ms
[2024.10.02-08.11.33:246][  0]Cmd: MAP CHECKDEP NOCLEARLOG
[2024.10.02-08.11.33:247][  0]MapCheck: Map check complete: 0 Error(s), 0 Warning(s), took 0,151ms to complete.
[2024.10.02-08.11.33:247][  0]LogFileHelpers: Loading map '2DSideScrollerExampleMap' took 0.349
[2024.10.02-08.11.33:248][  0]LogUnrealEdMisc: Total Editor Startup Time, took 7.618
[2024.10.02-08.11.33:445][  0]LogSlate: Updating window title bar state: overlay mode, drag disabled, window buttons hidden, title bar hidden
[2024.10.02-08.11.33:451][  0]LogSlate: Updating window title bar state: overlay mode, drag disabled, window buttons hidden, title bar hidden
[2024.10.02-08.11.33:457][  0]LogSlate: Updating window title bar state: overlay mode, drag disabled, window buttons hidden, title bar hidden
[2024.10.02-08.11.33:464][  0]LogSlate: Updating window title bar state: overlay mode, drag disabled, window buttons hidden, title bar hidden
[2024.10.02-08.11.33:516][  0]LogNativeClassHierarchy: Verbose: Native class hierarchy populated in 0.0087 seconds. Added 3822 classes and 928 folders.
[2024.10.02-08.11.33:524][  0]LogNativeClassHierarchy: Verbose: Native class hierarchy updated for 'WidgetCarousel' in 0.0002 seconds. Added 0 classes and 0 folders.
[2024.10.02-08.11.33:538][  0]LogPakFile: PakFile PrimaryIndexSize=187
[2024.10.02-08.11.33:538][  0]LogPakFile: PakFile PathHashIndexSize=101
[2024.10.02-08.11.33:538][  0]LogPakFile: PakFile FullDirectoryIndexSize=148
[2024.10.02-08.11.33:539][  0]LogShaderLibrary: Display: ShaderCodeLibraryPakFileMountedCallback: PakFile 'C:/Program Files/Epic Games/UE_4.27/FeaturePacks/FP_FirstPerson.upack' (chunk index -1, root 'root:/') mounted
[2024.10.02-08.11.33:539][  0]LogShaderLibrary: Display: ShaderCodeLibraryPakFileMountedCallback: pending pak file info (ChunkID:-1 Root:root:/ File:C:/Program Files/Epic Games/UE_4.27/FeaturePacks/FP_FirstPerson.upack)
[2024.10.02-08.11.33:539][  0]LogPakFile: OnPakFileMounted2Time == 0.000899
[2024.10.02-08.11.33:549][  0]LogPakFile: PakFile PrimaryIndexSize=189
[2024.10.02-08.11.33:549][  0]LogPakFile: PakFile PathHashIndexSize=101
[2024.10.02-08.11.33:549][  0]LogPakFile: PakFile FullDirectoryIndexSize=152
[2024.10.02-08.11.33:549][  0]LogShaderLibrary: Display: ShaderCodeLibraryPakFileMountedCallback: PakFile 'C:/Program Files/Epic Games/UE_4.27/FeaturePacks/FP_FirstPersonBP.upack' (chunk index -1, root 'root:/') mounted
[2024.10.02-08.11.33:549][  0]LogShaderLibrary: Display: ShaderCodeLibraryPakFileMountedCallback: pending pak file info (ChunkID:-1 Root:root:/ File:C:/Program Files/Epic Games/UE_4.27/FeaturePacks/FP_FirstPersonBP.upack)
[2024.10.02-08.11.33:549][  0]LogPakFile: OnPakFileMounted2Time == 0.000042
[2024.10.02-08.11.33:557][  0]LogPakFile: PakFile PrimaryIndexSize=191
[2024.10.02-08.11.33:557][  0]LogPakFile: PakFile PathHashIndexSize=101
[2024.10.02-08.11.33:557][  0]LogPakFile: PakFile FullDirectoryIndexSize=160
[2024.10.02-08.11.33:557][  0]LogShaderLibrary: Display: ShaderCodeLibraryPakFileMountedCallback: PakFile 'C:/Program Files/Epic Games/UE_4.27/FeaturePacks/MobileStarterContent.upack' (chunk index -1, root 'root:/') mounted
[2024.10.02-08.11.33:557][  0]LogShaderLibrary: Display: ShaderCodeLibraryPakFileMountedCallback: pending pak file info (ChunkID:-1 Root:root:/ File:C:/Program Files/Epic Games/UE_4.27/FeaturePacks/MobileStarterContent.upack)
[2024.10.02-08.11.33:557][  0]LogPakFile: OnPakFileMounted2Time == 0.000034
[2024.10.02-08.11.33:566][  0]LogPakFile: PakFile PrimaryIndexSize=185
[2024.10.02-08.11.33:566][  0]LogPakFile: PakFile PathHashIndexSize=101
[2024.10.02-08.11.33:566][  0]LogPakFile: PakFile FullDirectoryIndexSize=148
[2024.10.02-08.11.33:566][  0]LogShaderLibrary: Display: ShaderCodeLibraryPakFileMountedCallback: PakFile 'C:/Program Files/Epic Games/UE_4.27/FeaturePacks/StarterContent.upack' (chunk index -1, root 'root:/') mounted
[2024.10.02-08.11.33:566][  0]LogShaderLibrary: Display: ShaderCodeLibraryPakFileMountedCallback: pending pak file info (ChunkID:-1 Root:root:/ File:C:/Program Files/Epic Games/UE_4.27/FeaturePacks/StarterContent.upack)
[2024.10.02-08.11.33:567][  0]LogPakFile: OnPakFileMounted2Time == 0.000046
[2024.10.02-08.11.33:575][  0]LogPakFile: PakFile PrimaryIndexSize=190
[2024.10.02-08.11.33:575][  0]LogPakFile: PakFile PathHashIndexSize=101
[2024.10.02-08.11.33:576][  0]LogPakFile: PakFile FullDirectoryIndexSize=154
[2024.10.02-08.11.33:576][  0]LogShaderLibrary: Display: ShaderCodeLibraryPakFileMountedCallback: PakFile 'C:/Program Files/Epic Games/UE_4.27/FeaturePacks/TP_2DSideScroller.upack' (chunk index -1, root 'root:/') mounted
[2024.10.02-08.11.33:576][  0]LogShaderLibrary: Display: ShaderCodeLibraryPakFileMountedCallback: pending pak file info (ChunkID:-1 Root:root:/ File:C:/Program Files/Epic Games/UE_4.27/FeaturePacks/TP_2DSideScroller.upack)
[2024.10.02-08.11.33:576][  0]LogPakFile: OnPakFileMounted2Time == 0.000039
[2024.10.02-08.11.33:583][  0]LogPakFile: PakFile PrimaryIndexSize=192
[2024.10.02-08.11.33:583][  0]LogPakFile: PakFile PathHashIndexSize=101
[2024.10.02-08.11.33:583][  0]LogPakFile: PakFile FullDirectoryIndexSize=158
[2024.10.02-08.11.33:583][  0]LogShaderLibrary: Display: ShaderCodeLibraryPakFileMountedCallback: PakFile 'C:/Program Files/Epic Games/UE_4.27/FeaturePacks/TP_2DSideScrollerBP.upack' (chunk index -1, root 'root:/') mounted
[2024.10.02-08.11.33:583][  0]LogShaderLibrary: Display: ShaderCodeLibraryPakFileMountedCallback: pending pak file info (ChunkID:-1 Root:root:/ File:C:/Program Files/Epic Games/UE_4.27/FeaturePacks/TP_2DSideScrollerBP.upack)
[2024.10.02-08.11.33:583][  0]LogPakFile: OnPakFileMounted2Time == 0.000037
[2024.10.02-08.11.33:591][  0]LogPakFile: PakFile PrimaryIndexSize=182
[2024.10.02-08.11.33:591][  0]LogPakFile: PakFile PathHashIndexSize=101
[2024.10.02-08.11.33:591][  0]LogPakFile: PakFile FullDirectoryIndexSize=138
[2024.10.02-08.11.33:591][  0]LogShaderLibrary: Display: ShaderCodeLibraryPakFileMountedCallback: PakFile 'C:/Program Files/Epic Games/UE_4.27/FeaturePacks/TP_Flying.upack' (chunk index -1, root 'root:/') mounted
[2024.10.02-08.11.33:591][  0]LogShaderLibrary: Display: ShaderCodeLibraryPakFileMountedCallback: pending pak file info (ChunkID:-1 Root:root:/ File:C:/Program Files/Epic Games/UE_4.27/FeaturePacks/TP_Flying.upack)
[2024.10.02-08.11.33:591][  0]LogPakFile: OnPakFileMounted2Time == 0.000034
[2024.10.02-08.11.33:600][  0]LogPakFile: PakFile PrimaryIndexSize=184
[2024.10.02-08.11.33:600][  0]LogPakFile: PakFile PathHashIndexSize=101
[2024.10.02-08.11.33:600][  0]LogPakFile: PakFile FullDirectoryIndexSize=142
[2024.10.02-08.11.33:600][  0]LogShaderLibrary: Display: ShaderCodeLibraryPakFileMountedCallback: PakFile 'C:/Program Files/Epic Games/UE_4.27/FeaturePacks/TP_FlyingBP.upack' (chunk index -1, root 'root:/') mounted
[2024.10.02-08.11.33:600][  0]LogShaderLibrary: Display: ShaderCodeLibraryPakFileMountedCallback: pending pak file info (ChunkID:-1 Root:root:/ File:C:/Program Files/Epic Games/UE_4.27/FeaturePacks/TP_FlyingBP.upack)
[2024.10.02-08.11.33:600][  0]LogPakFile: OnPakFileMounted2Time == 0.000051
[2024.10.02-08.11.33:610][  0]LogPakFile: PakFile PrimaryIndexSize=188
[2024.10.02-08.11.33:610][  0]LogPakFile: PakFile PathHashIndexSize=101
[2024.10.02-08.11.33:610][  0]LogPakFile: PakFile FullDirectoryIndexSize=150
[2024.10.02-08.11.33:610][  0]LogShaderLibrary: Display: ShaderCodeLibraryPakFileMountedCallback: PakFile 'C:/Program Files/Epic Games/UE_4.27/FeaturePacks/TP_HandheldARBP.upack' (chunk index -1, root 'root:/') mounted
[2024.10.02-08.11.33:610][  0]LogShaderLibrary: Display: ShaderCodeLibraryPakFileMountedCallback: pending pak file info (ChunkID:-1 Root:root:/ File:C:/Program Files/Epic Games/UE_4.27/FeaturePacks/TP_HandheldARBP.upack)
[2024.10.02-08.11.33:610][  0]LogPakFile: OnPakFileMounted2Time == 0.000033
[2024.10.02-08.11.33:619][  0]LogPakFile: PakFile PrimaryIndexSize=182
[2024.10.02-08.11.33:619][  0]LogPakFile: PakFile PathHashIndexSize=101
[2024.10.02-08.11.33:619][  0]LogPakFile: PakFile FullDirectoryIndexSize=138
[2024.10.02-08.11.33:619][  0]LogShaderLibrary: Display: ShaderCodeLibraryPakFileMountedCallback: PakFile 'C:/Program Files/Epic Games/UE_4.27/FeaturePacks/TP_Puzzle.upack' (chunk index -1, root 'root:/') mounted
[2024.10.02-08.11.33:619][  0]LogShaderLibrary: Display: ShaderCodeLibraryPakFileMountedCallback: pending pak file info (ChunkID:-1 Root:root:/ File:C:/Program Files/Epic Games/UE_4.27/FeaturePacks/TP_Puzzle.upack)
[2024.10.02-08.11.33:619][  0]LogPakFile: OnPakFileMounted2Time == 0.000037
[2024.10.02-08.11.33:627][  0]LogPakFile: PakFile PrimaryIndexSize=184
[2024.10.02-08.11.33:627][  0]LogPakFile: PakFile PathHashIndexSize=101
[2024.10.02-08.11.33:627][  0]LogPakFile: PakFile FullDirectoryIndexSize=142
[2024.10.02-08.11.33:627][  0]LogShaderLibrary: Display: ShaderCodeLibraryPakFileMountedCallback: PakFile 'C:/Program Files/Epic Games/UE_4.27/FeaturePacks/TP_PuzzleBP.upack' (chunk index -1, root 'root:/') mounted
[2024.10.02-08.11.33:627][  0]LogShaderLibrary: Display: ShaderCodeLibraryPakFileMountedCallback: pending pak file info (ChunkID:-1 Root:root:/ File:C:/Program Files/Epic Games/UE_4.27/FeaturePacks/TP_PuzzleBP.upack)
[2024.10.02-08.11.33:627][  0]LogPakFile: OnPakFileMounted2Time == 0.000033
[2024.10.02-08.11.33:634][  0]LogPakFile: PakFile PrimaryIndexSize=183
[2024.10.02-08.11.33:634][  0]LogPakFile: PakFile PathHashIndexSize=101
[2024.10.02-08.11.33:634][  0]LogPakFile: PakFile FullDirectoryIndexSize=140
[2024.10.02-08.11.33:634][  0]LogShaderLibrary: Display: ShaderCodeLibraryPakFileMountedCallback: PakFile 'C:/Program Files/Epic Games/UE_4.27/FeaturePacks/TP_Rolling.upack' (chunk index -1, root 'root:/') mounted
[2024.10.02-08.11.33:634][  0]LogShaderLibrary: Display: ShaderCodeLibraryPakFileMountedCallback: pending pak file info (ChunkID:-1 Root:root:/ File:C:/Program Files/Epic Games/UE_4.27/FeaturePacks/TP_Rolling.upack)
[2024.10.02-08.11.33:635][  0]LogPakFile: OnPakFileMounted2Time == 0.000038
[2024.10.02-08.11.33:642][  0]LogPakFile: PakFile PrimaryIndexSize=185
[2024.10.02-08.11.33:642][  0]LogPakFile: PakFile PathHashIndexSize=101
[2024.10.02-08.11.33:642][  0]LogPakFile: PakFile FullDirectoryIndexSize=144
[2024.10.02-08.11.33:642][  0]LogShaderLibrary: Display: ShaderCodeLibraryPakFileMountedCallback: PakFile 'C:/Program Files/Epic Games/UE_4.27/FeaturePacks/TP_RollingBP.upack' (chunk index -1, root 'root:/') mounted
[2024.10.02-08.11.33:642][  0]LogShaderLibrary: Display: ShaderCodeLibraryPakFileMountedCallback: pending pak file info (ChunkID:-1 Root:root:/ File:C:/Program Files/Epic Games/UE_4.27/FeaturePacks/TP_RollingBP.upack)
[2024.10.02-08.11.33:642][  0]LogPakFile: OnPakFileMounted2Time == 0.000038
[2024.10.02-08.11.33:650][  0]LogPakFile: PakFile PrimaryIndexSize=188
[2024.10.02-08.11.33:650][  0]LogPakFile: PakFile PathHashIndexSize=101
[2024.10.02-08.11.33:650][  0]LogPakFile: PakFile FullDirectoryIndexSize=150
[2024.10.02-08.11.33:650][  0]LogShaderLibrary: Display: ShaderCodeLibraryPakFileMountedCallback: PakFile 'C:/Program Files/Epic Games/UE_4.27/FeaturePacks/TP_SideScroller.upack' (chunk index -1, root 'root:/') mounted
[2024.10.02-08.11.33:650][  0]LogShaderLibrary: Display: ShaderCodeLibraryPakFileMountedCallback: pending pak file info (ChunkID:-1 Root:root:/ File:C:/Program Files/Epic Games/UE_4.27/FeaturePacks/TP_SideScroller.upack)
[2024.10.02-08.11.33:650][  0]LogPakFile: OnPakFileMounted2Time == 0.000032
[2024.10.02-08.11.33:657][  0]LogPakFile: PakFile PrimaryIndexSize=190
[2024.10.02-08.11.33:657][  0]LogPakFile: PakFile PathHashIndexSize=101
[2024.10.02-08.11.33:657][  0]LogPakFile: PakFile FullDirectoryIndexSize=154
[2024.10.02-08.11.33:657][  0]LogShaderLibrary: Display: ShaderCodeLibraryPakFileMountedCallback: PakFile 'C:/Program Files/Epic Games/UE_4.27/FeaturePacks/TP_SideScrollerBP.upack' (chunk index -1, root 'root:/') mounted
[2024.10.02-08.11.33:657][  0]LogShaderLibrary: Display: ShaderCodeLibraryPakFileMountedCallback: pending pak file info (ChunkID:-1 Root:root:/ File:C:/Program Files/Epic Games/UE_4.27/FeaturePacks/TP_SideScrollerBP.upack)
[2024.10.02-08.11.33:657][  0]LogPakFile: OnPakFileMounted2Time == 0.000090
[2024.10.02-08.11.33:665][  0]LogPakFile: PakFile PrimaryIndexSize=187
[2024.10.02-08.11.33:665][  0]LogPakFile: PakFile PathHashIndexSize=101
[2024.10.02-08.11.33:665][  0]LogPakFile: PakFile FullDirectoryIndexSize=148
[2024.10.02-08.11.33:665][  0]LogShaderLibrary: Display: ShaderCodeLibraryPakFileMountedCallback: PakFile 'C:/Program Files/Epic Games/UE_4.27/FeaturePacks/TP_ThirdPerson.upack' (chunk index -1, root 'root:/') mounted
[2024.10.02-08.11.33:665][  0]LogShaderLibrary: Display: ShaderCodeLibraryPakFileMountedCallback: pending pak file info (ChunkID:-1 Root:root:/ File:C:/Program Files/Epic Games/UE_4.27/FeaturePacks/TP_ThirdPerson.upack)
[2024.10.02-08.11.33:665][  0]LogPakFile: OnPakFileMounted2Time == 0.000034
[2024.10.02-08.11.33:673][  0]LogPakFile: PakFile PrimaryIndexSize=189
[2024.10.02-08.11.33:673][  0]LogPakFile: PakFile PathHashIndexSize=101
[2024.10.02-08.11.33:673][  0]LogPakFile: PakFile FullDirectoryIndexSize=152
[2024.10.02-08.11.33:673][  0]LogShaderLibrary: Display: ShaderCodeLibraryPakFileMountedCallback: PakFile 'C:/Program Files/Epic Games/UE_4.27/FeaturePacks/TP_ThirdPersonBP.upack' (chunk index -1, root 'root:/') mounted
[2024.10.02-08.11.33:673][  0]LogShaderLibrary: Display: ShaderCodeLibraryPakFileMountedCallback: pending pak file info (ChunkID:-1 Root:root:/ File:C:/Program Files/Epic Games/UE_4.27/FeaturePacks/TP_ThirdPersonBP.upack)
[2024.10.02-08.11.33:673][  0]LogPakFile: OnPakFileMounted2Time == 0.000042
[2024.10.02-08.11.33:680][  0]LogPakFile: PakFile PrimaryIndexSize=183
[2024.10.02-08.11.33:680][  0]LogPakFile: PakFile PathHashIndexSize=101
[2024.10.02-08.11.33:680][  0]LogPakFile: PakFile FullDirectoryIndexSize=140
[2024.10.02-08.11.33:680][  0]LogShaderLibrary: Display: ShaderCodeLibraryPakFileMountedCallback: PakFile 'C:/Program Files/Epic Games/UE_4.27/FeaturePacks/TP_TopDown.upack' (chunk index -1, root 'root:/') mounted
[2024.10.02-08.11.33:680][  0]LogShaderLibrary: Display: ShaderCodeLibraryPakFileMountedCallback: pending pak file info (ChunkID:-1 Root:root:/ File:C:/Program Files/Epic Games/UE_4.27/FeaturePacks/TP_TopDown.upack)
[2024.10.02-08.11.33:680][  0]LogPakFile: OnPakFileMounted2Time == 0.000041
[2024.10.02-08.11.33:689][  0]LogPakFile: PakFile PrimaryIndexSize=185
[2024.10.02-08.11.33:689][  0]LogPakFile: PakFile PathHashIndexSize=101
[2024.10.02-08.11.33:689][  0]LogPakFile: PakFile FullDirectoryIndexSize=144
[2024.10.02-08.11.33:689][  0]LogShaderLibrary: Display: ShaderCodeLibraryPakFileMountedCallback: PakFile 'C:/Program Files/Epic Games/UE_4.27/FeaturePacks/TP_TopDownBP.upack' (chunk index -1, root 'root:/') mounted
[2024.10.02-08.11.33:689][  0]LogShaderLibrary: Display: ShaderCodeLibraryPakFileMountedCallback: pending pak file info (ChunkID:-1 Root:root:/ File:C:/Program Files/Epic Games/UE_4.27/FeaturePacks/TP_TopDownBP.upack)
[2024.10.02-08.11.33:689][  0]LogPakFile: OnPakFileMounted2Time == 0.000043
[2024.10.02-08.11.33:700][  0]LogPakFile: PakFile PrimaryIndexSize=185
[2024.10.02-08.11.33:700][  0]LogPakFile: PakFile PathHashIndexSize=101
[2024.10.02-08.11.33:700][  0]LogPakFile: PakFile FullDirectoryIndexSize=144
[2024.10.02-08.11.33:700][  0]LogShaderLibrary: Display: ShaderCodeLibraryPakFileMountedCallback: PakFile 'C:/Program Files/Epic Games/UE_4.27/FeaturePacks/TP_TwinStick.upack' (chunk index -1, root 'root:/') mounted
[2024.10.02-08.11.33:700][  0]LogShaderLibrary: Display: ShaderCodeLibraryPakFileMountedCallback: pending pak file info (ChunkID:-1 Root:root:/ File:C:/Program Files/Epic Games/UE_4.27/FeaturePacks/TP_TwinStick.upack)
[2024.10.02-08.11.33:700][  0]LogPakFile: OnPakFileMounted2Time == 0.000034
[2024.10.02-08.11.33:706][  0]LogPakFile: PakFile PrimaryIndexSize=187
[2024.10.02-08.11.33:706][  0]LogPakFile: PakFile PathHashIndexSize=101
[2024.10.02-08.11.33:706][  0]LogPakFile: PakFile FullDirectoryIndexSize=148
[2024.10.02-08.11.33:706][  0]LogShaderLibrary: Display: ShaderCodeLibraryPakFileMountedCallback: PakFile 'C:/Program Files/Epic Games/UE_4.27/FeaturePacks/TP_TwinStickBP.upack' (chunk index -1, root 'root:/') mounted
[2024.10.02-08.11.33:706][  0]LogShaderLibrary: Display: ShaderCodeLibraryPakFileMountedCallback: pending pak file info (ChunkID:-1 Root:root:/ File:C:/Program Files/Epic Games/UE_4.27/FeaturePacks/TP_TwinStickBP.upack)
[2024.10.02-08.11.33:706][  0]LogPakFile: OnPakFileMounted2Time == 0.000031
[2024.10.02-08.11.33:714][  0]LogPakFile: PakFile PrimaryIndexSize=183
[2024.10.02-08.11.33:714][  0]LogPakFile: PakFile PathHashIndexSize=101
[2024.10.02-08.11.33:714][  0]LogPakFile: PakFile FullDirectoryIndexSize=140
[2024.10.02-08.11.33:714][  0]LogShaderLibrary: Display: ShaderCodeLibraryPakFileMountedCallback: PakFile 'C:/Program Files/Epic Games/UE_4.27/FeaturePacks/TP_Vehicle.upack' (chunk index -1, root 'root:/') mounted
[2024.10.02-08.11.33:714][  0]LogShaderLibrary: Display: ShaderCodeLibraryPakFileMountedCallback: pending pak file info (ChunkID:-1 Root:root:/ File:C:/Program Files/Epic Games/UE_4.27/FeaturePacks/TP_Vehicle.upack)
[2024.10.02-08.11.33:714][  0]LogPakFile: OnPakFileMounted2Time == 0.000033
[2024.10.02-08.11.33:722][  0]LogPakFile: PakFile PrimaryIndexSize=186
[2024.10.02-08.11.33:722][  0]LogPakFile: PakFile PathHashIndexSize=101
[2024.10.02-08.11.33:722][  0]LogPakFile: PakFile FullDirectoryIndexSize=146
[2024.10.02-08.11.33:722][  0]LogShaderLibrary: Display: ShaderCodeLibraryPakFileMountedCallback: PakFile 'C:/Program Files/Epic Games/UE_4.27/FeaturePacks/TP_VehicleAdv.upack' (chunk index -1, root 'root:/') mounted
[2024.10.02-08.11.33:722][  0]LogShaderLibrary: Display: ShaderCodeLibraryPakFileMountedCallback: pending pak file info (ChunkID:-1 Root:root:/ File:C:/Program Files/Epic Games/UE_4.27/FeaturePacks/TP_VehicleAdv.upack)
[2024.10.02-08.11.33:722][  0]LogPakFile: OnPakFileMounted2Time == 0.000033
[2024.10.02-08.11.33:731][  0]LogPakFile: PakFile PrimaryIndexSize=188
[2024.10.02-08.11.33:731][  0]LogPakFile: PakFile PathHashIndexSize=101
[2024.10.02-08.11.33:731][  0]LogPakFile: PakFile FullDirectoryIndexSize=150
[2024.10.02-08.11.33:731][  0]LogShaderLibrary: Display: ShaderCodeLibraryPakFileMountedCallback: PakFile 'C:/Program Files/Epic Games/UE_4.27/FeaturePacks/TP_VehicleAdvBP.upack' (chunk index -1, root 'root:/') mounted
[2024.10.02-08.11.33:731][  0]LogShaderLibrary: Display: ShaderCodeLibraryPakFileMountedCallback: pending pak file info (ChunkID:-1 Root:root:/ File:C:/Program Files/Epic Games/UE_4.27/FeaturePacks/TP_VehicleAdvBP.upack)
[2024.10.02-08.11.33:731][  0]LogPakFile: OnPakFileMounted2Time == 0.000032
[2024.10.02-08.11.33:738][  0]LogPakFile: PakFile PrimaryIndexSize=185
[2024.10.02-08.11.33:738][  0]LogPakFile: PakFile PathHashIndexSize=101
[2024.10.02-08.11.33:739][  0]LogPakFile: PakFile FullDirectoryIndexSize=144
[2024.10.02-08.11.33:739][  0]LogShaderLibrary: Display: ShaderCodeLibraryPakFileMountedCallback: PakFile 'C:/Program Files/Epic Games/UE_4.27/FeaturePacks/TP_VehicleBP.upack' (chunk index -1, root 'root:/') mounted
[2024.10.02-08.11.33:739][  0]LogShaderLibrary: Display: ShaderCodeLibraryPakFileMountedCallback: pending pak file info (ChunkID:-1 Root:root:/ File:C:/Program Files/Epic Games/UE_4.27/FeaturePacks/TP_VehicleBP.upack)
[2024.10.02-08.11.33:739][  0]LogPakFile: OnPakFileMounted2Time == 0.000049
[2024.10.02-08.11.33:745][  0]LogPakFile: PakFile PrimaryIndexSize=192
[2024.10.02-08.11.33:745][  0]LogPakFile: PakFile PathHashIndexSize=101
[2024.10.02-08.11.33:745][  0]LogPakFile: PakFile FullDirectoryIndexSize=158
[2024.10.02-08.11.33:745][  0]LogShaderLibrary: Display: ShaderCodeLibraryPakFileMountedCallback: PakFile 'C:/Program Files/Epic Games/UE_4.27/FeaturePacks/TP_VirtualRealityBP.upack' (chunk index -1, root 'root:/') mounted
[2024.10.02-08.11.33:746][  0]LogShaderLibrary: Display: ShaderCodeLibraryPakFileMountedCallback: pending pak file info (ChunkID:-1 Root:root:/ File:C:/Program Files/Epic Games/UE_4.27/FeaturePacks/TP_VirtualRealityBP.upack)
[2024.10.02-08.11.33:746][  0]LogPakFile: OnPakFileMounted2Time == 0.000032
[2024.10.02-08.11.34:012][  0]LogNativeClassHierarchy: Verbose: Native class hierarchy updated for 'AddContentDialog' in 0.0004 seconds. Added 0 classes and 0 folders.
[2024.10.02-08.11.34:116][  0]LogSlate: Took 0.000220 seconds to synchronously load lazily loaded font '../../../Engine/Content/Slate/Fonts/Roboto-Regular.ttf' (155K)
[2024.10.02-08.11.34:126][  0]LogSlate: Took 0.007328 seconds to synchronously load lazily loaded font '../../../Engine/Content/Editor/Slate/Fonts/FontAwesome.ttf' (139K)
[2024.10.02-08.11.34:130][  0]LogSlate: Took 0.000205 seconds to synchronously load lazily loaded font '../../../Engine/Content/Slate/Fonts/Roboto-Bold.ttf' (160K)
[2024.10.02-08.11.34:242][  0]LogRenderer: Reallocating scene render targets to support 768x264 Format 10 NumSamples 1 (Frame:1).
[2024.10.02-08.11.34:419][  0]LogNativeClassHierarchy: Verbose: Native class hierarchy updated for 'HierarchicalLODOutliner' in 0.0004 seconds. Added 0 classes and 0 folders.
[2024.10.02-08.11.34:419][  0]LogLoad: (Engine Initialization) Total time: 8.79 seconds
[2024.10.02-08.11.34:419][  0]LogLoad: (Engine Initialization) Total Blueprint compile time: 0.00 seconds
[2024.10.02-08.11.34:461][  0]LogAssetRegistry: Asset discovery search completed in 5.5618 seconds
[2024.10.02-08.11.34:465][  0]LogCollectionManager: Fixed up redirectors for 0 collections in 0.000004 seconds (updated 0 objects)
[2024.10.02-08.11.34:467][  0]LogContentStreaming: Texture pool size now 1000 MB
[2024.10.02-08.11.34:583][  3]LogSlate: Took 0.006986 seconds to synchronously load lazily loaded font '../../../Engine/Content/Slate/Fonts/Roboto-Light.ttf' (167K)
[2024.10.02-08.35.00:114][373]LogEditorViewport: Clicking on Actor (LMB): PaperSpriteActor (Background_Sprite)
[2024.10.02-08.35.00:854][440]LogEditorViewport: Clicking on Actor (LMB): 2DSideScrollerCharacter_C (2DSideScrollerCharacter)
[2024.10.02-08.35.01:870][547]LogEditorViewport: Clicking on Actor (LMB): PaperSpriteActor (Background_Sprite)
[2024.10.02-09.19.14:873][756]LogAudioMixer: Display: Audio Buffer Underrun (starvation) detected.
